This is pdfTeX, Version 3.141592653-2.6-1.40.22 (TeX Live 2022/dev/Debian) (preloaded format=pdflatex 2025.7.10)  14 JUL 2025 00:47
entering extended mode
 restricted \write18 enabled.
 %&-line parsing enabled.
**thesis_updated_2020.tex
(./thesis_updated_2020.tex
LaTeX2e <2021-11-15> patch level 1
L3 programming layer <2022-01-21> (./muthesis_2020.cls

LaTeX Warning: You have requested document class `muthesis_2020',
               but the document class provides `muthesis'.

Document Class: muthesis 2013/08/12 MU Thesis Class
(/usr/share/texlive/texmf-dist/tex/latex/base/report.cls
Document Class: report 2021/10/04 v1.4n Standard LaTeX document class
(/usr/share/texlive/texmf-dist/tex/latex/base/size12.clo
File: size12.clo 2021/10/04 v1.4n Standard LaTeX file (size option)
)
\c@part=\count185
\c@chapter=\count186
\c@section=\count187
\c@subsection=\count188
\c@subsubsection=\count189
\c@paragraph=\count190
\c@subparagraph=\count191
\c@figure=\count192
\c@table=\count193
\abovecaptionskip=\skip47
\belowcaptionskip=\skip48
\bibindent=\dimen138
))
(/usr/share/texlive/texmf-dist/tex/latex/listings/listings.sty
(/usr/share/texlive/texmf-dist/tex/latex/graphics/keyval.sty
Package: keyval 2014/10/28 v1.15 key=value parser (DPC)
\KV@toks@=\toks16
)
\lst@mode=\count194
\lst@gtempboxa=\box50
\lst@token=\toks17
\lst@length=\count195
\lst@currlwidth=\dimen139
\lst@column=\count196
\lst@pos=\count197
\lst@lostspace=\dimen140
\lst@width=\dimen141
\lst@newlines=\count198
\lst@lineno=\count199
\lst@maxwidth=\dimen142

(/usr/share/texlive/texmf-dist/tex/latex/listings/lstmisc.sty
File: lstmisc.sty 2020/03/24 1.8d (Carsten Heinz)
\c@lstnumber=\count266
\lst@skipnumbers=\count267
\lst@framebox=\box51
)
(/usr/share/texlive/texmf-dist/tex/latex/listings/listings.cfg
File: listings.cfg 2020/03/24 1.8d listings configuration
))
Package: listings 2020/03/24 1.8d (Carsten Heinz)

(/usr/share/texlive/texmf-dist/tex/latex/amsmath/amsmath.sty
Package: amsmath 2021/10/15 v2.17l AMS math features
\@mathmargin=\skip49

For additional information on amsmath, use the `?' option.
(/usr/share/texlive/texmf-dist/tex/latex/amsmath/amstext.sty
Package: amstext 2021/08/26 v2.01 AMS text

(/usr/share/texlive/texmf-dist/tex/latex/amsmath/amsgen.sty
File: amsgen.sty 1999/11/30 v2.0 generic functions
\@emptytoks=\toks18
\ex@=\dimen143
))
(/usr/share/texlive/texmf-dist/tex/latex/amsmath/amsbsy.sty
Package: amsbsy 1999/11/29 v1.2d Bold Symbols
\pmbraise@=\dimen144
)
(/usr/share/texlive/texmf-dist/tex/latex/amsmath/amsopn.sty
Package: amsopn 2021/08/26 v2.02 operator names
)
\inf@bad=\count268
LaTeX Info: Redefining \frac on input line 234.
\uproot@=\count269
\leftroot@=\count270
LaTeX Info: Redefining \overline on input line 399.
\classnum@=\count271
\DOTSCASE@=\count272
LaTeX Info: Redefining \ldots on input line 496.
LaTeX Info: Redefining \dots on input line 499.
LaTeX Info: Redefining \cdots on input line 620.
\Mathstrutbox@=\box52
\strutbox@=\box53
\big@size=\dimen145
LaTeX Font Info:    Redeclaring font encoding OML on input line 743.
LaTeX Font Info:    Redeclaring font encoding OMS on input line 744.
\macc@depth=\count273
\c@MaxMatrixCols=\count274
\dotsspace@=\muskip16
\c@parentequation=\count275
\dspbrk@lvl=\count276
\tag@help=\toks19
\row@=\count277
\column@=\count278
\maxfields@=\count279
\andhelp@=\toks20
\eqnshift@=\dimen146
\alignsep@=\dimen147
\tagshift@=\dimen148
\tagwidth@=\dimen149
\totwidth@=\dimen150
\lineht@=\dimen151
\@envbody=\toks21
\multlinegap=\skip50
\multlinetaggap=\skip51
\mathdisplay@stack=\toks22
LaTeX Info: Redefining \[ on input line 2938.
LaTeX Info: Redefining \] on input line 2939.
)
(/usr/share/texlive/texmf-dist/tex/latex/amsfonts/amssymb.sty
Package: amssymb 2013/01/14 v3.01 AMS font symbols

(/usr/share/texlive/texmf-dist/tex/latex/amsfonts/amsfonts.sty
Package: amsfonts 2013/01/14 v3.01 Basic AMSFonts support
\symAMSa=\mathgroup4
\symAMSb=\mathgroup5
LaTeX Font Info:    Redeclaring math symbol \hbar on input line 98.
LaTeX Font Info:    Overwriting math alphabet `\mathfrak' in version `bold'
(Font)                  U/euf/m/n --> U/euf/b/n on input line 106.
))
(/usr/share/texlive/texmf-dist/tex/latex/xcolor/xcolor.sty
Package: xcolor 2021/10/31 v2.13 LaTeX color extensions (UK)

(/usr/share/texlive/texmf-dist/tex/latex/graphics-cfg/color.cfg
File: color.cfg 2016/01/02 v1.6 sample color configuration
)
Package xcolor Info: Driver file: pdftex.def on input line 227.

(/usr/share/texlive/texmf-dist/tex/latex/graphics-def/pdftex.def
File: pdftex.def 2020/10/05 v1.2a Graphics/color driver for pdftex
)
Package xcolor Info: Model `cmy' substituted by `cmy0' on input line 1352.
Package xcolor Info: Model `hsb' substituted by `rgb' on input line 1356.
Package xcolor Info: Model `RGB' extended on input line 1368.
Package xcolor Info: Model `HTML' substituted by `rgb' on input line 1370.
Package xcolor Info: Model `Hsb' substituted by `hsb' on input line 1371.
Package xcolor Info: Model `tHsb' substituted by `hsb' on input line 1372.
Package xcolor Info: Model `HSB' substituted by `hsb' on input line 1373.
Package xcolor Info: Model `Gray' substituted by `gray' on input line 1374.
Package xcolor Info: Model `wave' substituted by `hsb' on input line 1375.
)
(/usr/share/texlive/texmf-dist/tex/latex/graphics/graphicx.sty
Package: graphicx 2021/09/16 v1.2d Enhanced LaTeX Graphics (DPC,SPQR)

(/usr/share/texlive/texmf-dist/tex/latex/graphics/graphics.sty
Package: graphics 2021/03/04 v1.4d Standard LaTeX Graphics (DPC,SPQR)

(/usr/share/texlive/texmf-dist/tex/latex/graphics/trig.sty
Package: trig 2021/08/11 v1.11 sin cos tan (DPC)
)
(/usr/share/texlive/texmf-dist/tex/latex/graphics-cfg/graphics.cfg
File: graphics.cfg 2016/06/04 v1.11 sample graphics configuration
)
Package graphics Info: Driver file: pdftex.def on input line 107.
)
\Gin@req@height=\dimen152
\Gin@req@width=\dimen153
)
(/usr/share/texlive/texmf-dist/tex/latex/url/url.sty
\Urlmuskip=\muskip17
Package: url 2013/09/16  ver 3.4  Verb mode for urls, etc.
)
(/usr/share/texlive/texmf-dist/tex/latex/natbib/natbib.sty
Package: natbib 2010/09/13 8.31b (PWD, AO)
\bibhang=\skip52
\bibsep=\skip53
LaTeX Info: Redefining \cite on input line 694.
\c@NAT@ctr=\count280
)
(/usr/share/texlive/texmf-dist/tex/latex/amscls/amsthm.sty
Package: amsthm 2020/05/29 v2.20.6
\thm@style=\toks23
\thm@bodyfont=\toks24
\thm@headfont=\toks25
\thm@notefont=\toks26
\thm@headpunct=\toks27
\thm@preskip=\skip54
\thm@postskip=\skip55
\thm@headsep=\skip56
\dth@everypar=\toks28
)
\c@theorem=\count281
\c@lemma=\count282

(/usr/share/texlive/texmf-dist/tex/latex/booktabs/booktabs.sty
Package: booktabs 2020/01/12 v1.61803398 Publication quality tables
\heavyrulewidth=\dimen154
\lightrulewidth=\dimen155
\cmidrulewidth=\dimen156
\belowrulesep=\dimen157
\belowbottomsep=\dimen158
\aboverulesep=\dimen159
\abovetopsep=\dimen160
\cmidrulesep=\dimen161
\cmidrulekern=\dimen162
\defaultaddspace=\dimen163
\@cmidla=\count283
\@cmidlb=\count284
\@aboverulesep=\dimen164
\@belowrulesep=\dimen165
\@thisruleclass=\count285
\@lastruleclass=\count286
\@thisrulewidth=\dimen166
)
(/usr/share/texlive/texmf-dist/tex/latex/subfigure/subfigure.sty
Package: subfigure 2002/03/15 v2.1.5 subfigure package
\subfigtopskip=\skip57
\subfigcapskip=\skip58
\subfigcaptopadj=\dimen167
\subfigbottomskip=\skip59
\subfigcapmargin=\dimen168
\subfiglabelskip=\skip60
\c@subfigure=\count287
\c@lofdepth=\count288
\c@subtable=\count289
\c@lotdepth=\count290

****************************************
* Local config file subfigure.cfg used *
****************************************
(/usr/share/texlive/texmf-dist/tex/latex/subfigure/subfigure.cfg)
\subfig@top=\skip61
\subfig@bottom=\skip62
)
(/usr/share/texlive/texmf-dist/tex/latex/cases/cases.sty
Package: cases 2020/03/29 ver 3.2
\numc@numwid=\dimen169
)
(/usr/share/texlive/texmf-dist/tex/latex/tools/bm.sty
Package: bm 2021/04/25 v1.2e Bold Symbol Support (DPC/FMi)
\symboldoperators=\mathgroup6
\symboldletters=\mathgroup7
\symboldsymbols=\mathgroup8
Package bm Info: No bold for \OMX/cmex/m/n, using \pmb.
Package bm Info: No bold for \U/msa/m/n, using \pmb.
Package bm Info: No bold for \U/msb/m/n, using \pmb.
LaTeX Font Info:    Redeclaring math alphabet \mathbf on input line 149.
)
(/usr/share/texlive/texmf-dist/tex/latex/tools/array.sty
Package: array 2021/10/04 v2.5f Tabular extension package (FMi)
\col@sep=\dimen170
\ar@mcellbox=\box54
\extrarowheight=\dimen171
\NC@list=\toks29
\extratabsurround=\skip63
\backup@length=\skip64
\ar@cellbox=\box55
)
(/usr/share/texlive/texmf-dist/tex/latex/l3backend/l3backend-pdftex.def
File: l3backend-pdftex.def 2022-01-12 L3 backend support: PDF output (pdfTeX)
\l__color_backend_stack_int=\count291
\l__pdf_internal_box=\box56
)
(./thesis_updated_2020.aux)
\openout1 = `thesis_updated_2020.aux'.

LaTeX Font Info:    Checking defaults for OML/cmm/m/it on input line 21.
LaTeX Font Info:    ... okay on input line 21.
LaTeX Font Info:    Checking defaults for OMS/cmsy/m/n on input line 21.
LaTeX Font Info:    ... okay on input line 21.
LaTeX Font Info:    Checking defaults for OT1/cmr/m/n on input line 21.
LaTeX Font Info:    ... okay on input line 21.
LaTeX Font Info:    Checking defaults for T1/cmr/m/n on input line 21.
LaTeX Font Info:    ... okay on input line 21.
LaTeX Font Info:    Checking defaults for TS1/cmr/m/n on input line 21.
LaTeX Font Info:    ... okay on input line 21.
LaTeX Font Info:    Checking defaults for OMX/cmex/m/n on input line 21.
LaTeX Font Info:    ... okay on input line 21.
LaTeX Font Info:    Checking defaults for U/cmr/m/n on input line 21.
LaTeX Font Info:    ... okay on input line 21.
\c@lstlisting=\count292

(/usr/share/texlive/texmf-dist/tex/context/base/mkii/supp-pdf.mkii
[Loading MPS to PDF converter (version 2006.09.02).]
\scratchcounter=\count293
\scratchdimen=\dimen172
\scratchbox=\box57
\nofMPsegments=\count294
\nofMParguments=\count295
\everyMPshowfont=\toks30
\MPscratchCnt=\count296
\MPscratchDim=\dimen173
\MPnumerator=\count297
\makeMPintoPDFobject=\count298
\everyMPtoPDFconversion=\toks31
) (/usr/share/texlive/texmf-dist/tex/latex/epstopdf-pkg/epstopdf-base.sty
Package: epstopdf-base 2020-01-24 v2.11 Base part for package epstopdf
Package epstopdf-base Info: Redefining graphics rule for `.eps' on input line 4
85.

(/usr/share/texlive/texmf-dist/tex/latex/latexconfig/epstopdf-sys.cfg
File: epstopdf-sys.cfg 2010/07/13 v1.3 Configuration of (r)epstopdf for TeX Liv
e
))
[1

{/var/lib/texmf/fonts/map/pdftex/updmap/pdftex.map}]
(./thesis_updated_2020.toc
LaTeX Font Info:    Trying to load font information for U+msa on input line 3.

(/usr/share/texlive/texmf-dist/tex/latex/amsfonts/umsa.fd
File: umsa.fd 2013/01/14 v3.01 AMS symbols A
)
LaTeX Font Info:    Trying to load font information for U+msb on input line 3.

(/usr/share/texlive/texmf-dist/tex/latex/amsfonts/umsb.fd
File: umsb.fd 2013/01/14 v3.01 AMS symbols B
) [2

])
\tf@toc=\write3
\openout3 = `thesis_updated_2020.toc'.

 [3] [4

]
Chapter 1.

Underfull \vbox (badness 10000) has occurred while \output is active []

 [5

]
Overfull \hbox (9.78542pt too wide) in paragraph at lines 67--68
\OT1/cmr/m/n/12 ous mi-croor-gan-isms, in-clud-ing Salmonella ty-phimurium [[]]
, Volvox car-teri [[]], Parame-
 []


Underfull \vbox (badness 10000) has occurred while \output is active []

 [6]
<plot/stone2.png, id=26, 238.9728pt x 115.632pt>
File: plot/stone2.png Graphic file (type png)
<use plot/stone2.png>
Package pdftex.def Info: plot/stone2.png  used on input line 77.
(pdftex.def)             Requested size: 306.71936pt x 148.41426pt.
<plot/stone3.png, id=27, 337.5009pt x 134.1813pt>
File: plot/stone3.png Graphic file (type png)
<use plot/stone3.png>
Package pdftex.def Info: plot/stone3.png  used on input line 88.
(pdftex.def)             Requested size: 438.17244pt x 174.2043pt.
<plot/stone.png, id=28, 191.2746pt x 180.4341pt>
File: plot/stone.png Graphic file (type png)
<use plot/stone.png>
Package pdftex.def Info: plot/stone.png  used on input line 99.
(pdftex.def)             Requested size: 262.90613pt x 248.03568pt.

Underfull \vbox (badness 10000) has occurred while \output is active []

 [7]
[8 <./plot/stone2.png> <./plot/stone3.png>] [9 <./plot/stone.png>]
Underfull \vbox (badness 3815) has occurred while \output is active []

 [10]
[11]
Chapter 2.
[12

]
<plot/frames_general.png, id=60, 1351.0475pt x 379.4175pt>
File: plot/frames_general.png Graphic file (type png)
<use plot/frames_general.png>
Package pdftex.def Info: plot/frames_general.png  used on input line 183.
(pdftex.def)             Requested size: 438.17244pt x 123.04869pt.
 [13] [14 <./plot/frames_general.png>]
<plot/relection_general.png, id=72, 1028.84375pt x 600.2425pt>
File: plot/relection_general.png Graphic file (type png)
<use plot/relection_general.png>
Package pdftex.def Info: plot/relection_general.png  used on input line 237.
(pdftex.def)             Requested size: 438.17244pt x 255.63548pt.
 [15 <./plot/relection_general.png>]
Chapter 3.

Underfull \vbox (badness 1406) has occurred while \output is active []

 [16

]
<plot/fluid_general.png, id=80, 959.585pt x 649.42625pt>
File: plot/fluid_general.png Graphic file (type png)
<use plot/fluid_general.png>
Package pdftex.def Info: plot/fluid_general.png  used on input line 274.
(pdftex.def)             Requested size: 438.17244pt x 296.54971pt.

[17 <./plot/fluid_general.png>] [18] [19] [20] [21] [22] [23] [24] [25]
[26] [27] [28]
Chapter 4.
<plot/geometry.png, id=124, 1116.17pt x 204.765pt>
File: plot/geometry.png Graphic file (type png)
<use plot/geometry.png>
Package pdftex.def Info: plot/geometry.png  used on input line 765.
(pdftex.def)             Requested size: 438.17244pt x 80.38292pt.
[29

]
<plot/fluid.png, id=128, 955.57pt x 647.41875pt>
File: plot/fluid.png Graphic file (type png)
<use plot/fluid.png>
Package pdftex.def Info: plot/fluid.png  used on input line 789.
(pdftex.def)             Requested size: 438.17244pt x 296.86787pt.


LaTeX Warning: `!h' float specifier changed to `!ht'.

<plot/four_solutions2.png, id=129, 1204.5pt x 532.99126pt>
File: plot/four_solutions2.png Graphic file (type png)
<use plot/four_solutions2.png>
Package pdftex.def Info: plot/four_solutions2.png  used on input line 807.
(pdftex.def)             Requested size: 438.17244pt x 193.89363pt.
<plot/combine_elastic_beam_I_theta_q_0.30_alpha_0.125pi_initial_-4.80_0.png, id
=130, 1204.5pt x 803.0pt>
File: plot/combine_elastic_beam_I_theta_q_0.30_alpha_0.125pi_initial_-4.80_0.pn
g Graphic file (type png)
<use plot/combine_elastic_beam_I_theta_q_0.30_alpha_0.125pi_initial_-4.80_0.png
>
Package pdftex.def Info: plot/combine_elastic_beam_I_theta_q_0.30_alpha_0.125pi
_initial_-4.80_0.png  used on input line 817.
(pdftex.def)             Requested size: 438.17244pt x 292.11847pt.
[30 <./plot/geometry.png>]

LaTeX Warning: `!h' float specifier changed to `!ht'.


LaTeX Warning: `!h' float specifier changed to `!ht'.

<plot/combine_elastic_beam_I_theta_q_0.400_alpha_0.125pi_initial_-4.80_0.png, i
d=135, 1204.5pt x 803.0pt>
File: plot/combine_elastic_beam_I_theta_q_0.400_alpha_0.125pi_initial_-4.80_0.p
ng Graphic file (type png)
<use plot/combine_elastic_beam_I_theta_q_0.400_alpha_0.125pi_initial_-4.80_0.pn
g>
Package pdftex.def Info: plot/combine_elastic_beam_I_theta_q_0.400_alpha_0.125p
i_initial_-4.80_0.png  used on input line 828.
(pdftex.def)             Requested size: 438.17244pt x 292.11847pt.
<plot/initial_combine_elastic_beam_I_theta_q_0.400_alpha_0.125pi_initial_-4.80_
0.png, id=136, 1204.5pt x 803.0pt>
File: plot/initial_combine_elastic_beam_I_theta_q_0.400_alpha_0.125pi_initial_-
4.80_0.png Graphic file (type png)
<use plot/initial_combine_elastic_beam_I_theta_q_0.400_alpha_0.125pi_initial_-4
.80_0.png>
Package pdftex.def Info: plot/initial_combine_elastic_beam_I_theta_q_0.400_alph
a_0.125pi_initial_-4.80_0.png  used on input line 833.
(pdftex.def)             Requested size: 438.17244pt x 292.11847pt.
<plot/elastic_beam_I_theta_q_0.400_alpha.png, id=137, 1204.5pt x 1204.5pt>
File: plot/elastic_beam_I_theta_q_0.400_alpha.png Graphic file (type png)
<use plot/elastic_beam_I_theta_q_0.400_alpha.png>
Package pdftex.def Info: plot/elastic_beam_I_theta_q_0.400_alpha.png  used on i
nput line 843.
(pdftex.def)             Requested size: 438.17244pt x 438.1777pt.
[31 <./plot/fluid.png>]

LaTeX Warning: `!h' float specifier changed to `!ht'.


LaTeX Warning: `!h' float specifier changed to `!ht'.


Underfull \vbox (badness 10000) has occurred while \output is active []

 [32 <./plot/four_solutions2.png>]
<plot/combine_elastic_beam_I_theta_q_0.452_alpha_0.125pi_initial_-4.80_0.png, i
d=146, 1204.5pt x 803.0pt>
File: plot/combine_elastic_beam_I_theta_q_0.452_alpha_0.125pi_initial_-4.80_0.p
ng Graphic file (type png)
<use plot/combine_elastic_beam_I_theta_q_0.452_alpha_0.125pi_initial_-4.80_0.pn
g>
Package pdftex.def Info: plot/combine_elastic_beam_I_theta_q_0.452_alpha_0.125p
i_initial_-4.80_0.png  used on input line 855.
(pdftex.def)             Requested size: 438.17244pt x 292.11847pt.


LaTeX Warning: `!h' float specifier changed to `!ht'.

<plot/elastic_beam_I_theta_q_0.452_alpha_restart1.png, id=147, 1204.5pt x 1204.
5pt>
File: plot/elastic_beam_I_theta_q_0.452_alpha_restart1.png Graphic file (type p
ng)
<use plot/elastic_beam_I_theta_q_0.452_alpha_restart1.png>
Package pdftex.def Info: plot/elastic_beam_I_theta_q_0.452_alpha_restart1.png  
used on input line 866.
(pdftex.def)             Requested size: 199.94695pt x 199.94695pt.
<plot/elastic_beam_I_theta_q_0.452_alpha_restart2.png, id=148, 1204.5pt x 1204.
5pt>
File: plot/elastic_beam_I_theta_q_0.452_alpha_restart2.png Graphic file (type p
ng)
<use plot/elastic_beam_I_theta_q_0.452_alpha_restart2.png>
Package pdftex.def Info: plot/elastic_beam_I_theta_q_0.452_alpha_restart2.png  
used on input line 870.
(pdftex.def)             Requested size: 199.94695pt x 199.94695pt.
<plot/elastic_beam_I_theta_q_0.452_alpha_restart3.png, id=149, 1204.5pt x 1204.
5pt>
File: plot/elastic_beam_I_theta_q_0.452_alpha_restart3.png Graphic file (type p
ng)
<use plot/elastic_beam_I_theta_q_0.452_alpha_restart3.png>
Package pdftex.def Info: plot/elastic_beam_I_theta_q_0.452_alpha_restart3.png  
used on input line 874.
(pdftex.def)             Requested size: 199.94695pt x 199.94695pt.

Underfull \vbox (badness 10000) has occurred while \output is active []

 [33 <./plot/combine_elastic_beam_I_theta_q_0.30_alpha_0.125pi_initial_-4.80_0.
png>]

LaTeX Warning: Text page 34 contains only floats.


Overfull \vbox (1.64442pt too high) has occurred while \output is active []


[34 <./plot/combine_elastic_beam_I_theta_q_0.400_alpha_0.125pi_initial_-4.80_0.
png> <./plot/initial_combine_elastic_beam_I_theta_q_0.400_alpha_0.125pi_initial
_-4.80_0.png>]
Underfull \vbox (badness 10000) has occurred while \output is active []

 [35 <./plot/elastic_beam_I_theta_q_0.400_alpha.png>]

LaTeX Warning: `!h' float specifier changed to `!ht'.

<plot/geometry3.png, id=159, 1204.5pt x 135.50626pt>
File: plot/geometry3.png Graphic file (type png)
<use plot/geometry3.png>
Package pdftex.def Info: plot/geometry3.png  used on input line 894.
(pdftex.def)             Requested size: 438.17244pt x 49.29498pt.

Underfull \vbox (badness 10000) has occurred while \output is active []

 [36 <./plot/combine_elastic_beam_I_theta_q_0.452_alpha_0.125pi_initial_-4.80_0
.png>]

LaTeX Warning: Text page 37 contains only floats.

[37 <./plot/elastic_beam_I_theta_q_0.452_alpha_restart1.png> <./plot/elastic_be
am_I_theta_q_0.452_alpha_restart2.png> <./plot/elastic_beam_I_theta_q_0.452_alp
ha_restart3.png>]
<plot/elastic_beam_alpha_theta_eq_q_0.400.png, id=167, 803.0pt x 803.0pt>
File: plot/elastic_beam_alpha_theta_eq_q_0.400.png Graphic file (type png)
<use plot/elastic_beam_alpha_theta_eq_q_0.400.png>
Package pdftex.def Info: plot/elastic_beam_alpha_theta_eq_q_0.400.png  used on 
input line 902.
(pdftex.def)             Requested size: 328.62932pt x 328.63174pt.
<plot/elastic_beam_general.png, id=168, 803.0pt x 803.0pt>
File: plot/elastic_beam_general.png Graphic file (type png)
<use plot/elastic_beam_general.png>
Package pdftex.def Info: plot/elastic_beam_general.png  used on input line 913.

(pdftex.def)             Requested size: 328.62932pt x 328.63174pt.
 [38 <./plot/geometry3.png> <./plot/elastic_beam_alpha_theta_eq_q_0.400.png>]
<plot/tensile_boomerang.png, id=172, 650.43pt x 283.0575pt>
File: plot/tensile_boomerang.png Graphic file (type png)
<use plot/tensile_boomerang.png>
Package pdftex.def Info: plot/tensile_boomerang.png  used on input line 925.
(pdftex.def)             Requested size: 306.71936pt x 133.4819pt.


LaTeX Warning: `!h' float specifier changed to `!ht'.

[39 <./plot/elastic_beam_general.png>] [40 <./plot/tensile_boomerang.png>]
<plot/sigma_q_0.35_alpha_0.125pi.png, id=180, 602.25pt x 602.25pt>
File: plot/sigma_q_0.35_alpha_0.125pi.png Graphic file (type png)
<use plot/sigma_q_0.35_alpha_0.125pi.png>
Package pdftex.def Info: plot/sigma_q_0.35_alpha_0.125pi.png  used on input lin
e 988.
(pdftex.def)             Requested size: 135.83238pt x 135.83122pt.
<plot/sigma_q_0.4_alpha_0.125pi.png, id=181, 602.25pt x 602.25pt>
File: plot/sigma_q_0.4_alpha_0.125pi.png Graphic file (type png)
<use plot/sigma_q_0.4_alpha_0.125pi.png>
Package pdftex.def Info: plot/sigma_q_0.4_alpha_0.125pi.png  used on input line
 994.
(pdftex.def)             Requested size: 135.83238pt x 135.83122pt.
<plot/sigma_q_0.45_alpha_0.125pi.png, id=182, 602.25pt x 602.25pt>
File: plot/sigma_q_0.45_alpha_0.125pi.png Graphic file (type png)
<use plot/sigma_q_0.45_alpha_0.125pi.png>
Package pdftex.def Info: plot/sigma_q_0.45_alpha_0.125pi.png  used on input lin
e 1000.
(pdftex.def)             Requested size: 135.83238pt x 135.83122pt.
<plot/sigma_q_0.35_alpha_0.25pi.png, id=183, 602.25pt x 602.25pt>
File: plot/sigma_q_0.35_alpha_0.25pi.png Graphic file (type png)
<use plot/sigma_q_0.35_alpha_0.25pi.png>
Package pdftex.def Info: plot/sigma_q_0.35_alpha_0.25pi.png  used on input line
 1007.
(pdftex.def)             Requested size: 135.83238pt x 135.83122pt.
<plot/sigma_q_0.4_alpha_0.25pi.png, id=184, 602.25pt x 602.25pt>
File: plot/sigma_q_0.4_alpha_0.25pi.png Graphic file (type png)
<use plot/sigma_q_0.4_alpha_0.25pi.png>
Package pdftex.def Info: plot/sigma_q_0.4_alpha_0.25pi.png  used on input line 
1013.
(pdftex.def)             Requested size: 135.83238pt x 135.83122pt.
<plot/sigma_q_0.45_alpha_0.25pi.png, id=185, 602.25pt x 602.25pt>
File: plot/sigma_q_0.45_alpha_0.25pi.png Graphic file (type png)
<use plot/sigma_q_0.45_alpha_0.25pi.png>
Package pdftex.def Info: plot/sigma_q_0.45_alpha_0.25pi.png  used on input line
 1019.
(pdftex.def)             Requested size: 135.83238pt x 135.83122pt.

[41 <./plot/sigma_q_0.35_alpha_0.125pi.png> <./plot/sigma_q_0.4_alpha_0.125pi.p
ng> <./plot/sigma_q_0.45_alpha_0.125pi.png> <./plot/sigma_q_0.35_alpha_0.25pi.p
ng> <./plot/sigma_q_0.4_alpha_0.25pi.png> <./plot/sigma_q_0.45_alpha_0.25pi.png
>]
Chapter 5.
[42

] [43]
Chapter 6.
[44

] (./thesis_updated_2020.bbl [45] [46

] [47] [48]) [49]
(./thesis_updated_2020.aux) ) 
Here is how much of TeX's memory you used:
 5931 strings out of 480171
 90057 string characters out of 5894489
 388690 words of memory out of 5000000
 23778 multiletter control sequences out of 15000+600000
 484283 words of font info for 83 fonts, out of 8000000 for 9000
 59 hyphenation exceptions out of 8191
 55i,15n,62p,2278b,395s stack positions out of 5000i,500n,10000p,200000b,80000s
</usr/share/texlive/texmf-dist/fonts/type1/public/
amsfonts/cm/cmbsy10.pfb></usr/share/texlive/texmf-dist/fonts/type1/public/amsfo
nts/cm/cmbx12.pfb></usr/share/texlive/texmf-dist/fonts/type1/public/amsfonts/cm
/cmbx8.pfb></usr/share/texlive/texmf-dist/fonts/type1/public/amsfonts/cm/cmcsc1
0.pfb></usr/share/texlive/texmf-dist/fonts/type1/public/amsfonts/cm/cmex10.pfb>
</usr/share/texlive/texmf-dist/fonts/type1/public/amsfonts/cm/cmmi10.pfb></usr/
share/texlive/texmf-dist/fonts/type1/public/amsfonts/cm/cmmi12.pfb></usr/share/
texlive/texmf-dist/fonts/type1/public/amsfonts/cm/cmmi6.pfb></usr/share/texlive
/texmf-dist/fonts/type1/public/amsfonts/cm/cmmi8.pfb></usr/share/texlive/texmf-
dist/fonts/type1/public/amsfonts/cm/cmmib10.pfb></usr/share/texlive/texmf-dist/
fonts/type1/public/amsfonts/cmextra/cmmib8.pfb></usr/share/texlive/texmf-dist/f
onts/type1/public/amsfonts/cm/cmr10.pfb></usr/share/texlive/texmf-dist/fonts/ty
pe1/public/amsfonts/cm/cmr12.pfb></usr/share/texlive/texmf-dist/fonts/type1/pub
lic/amsfonts/cm/cmr17.pfb></usr/share/texlive/texmf-dist/fonts/type1/public/ams
fonts/cm/cmr6.pfb></usr/share/texlive/texmf-dist/fonts/type1/public/amsfonts/cm
/cmr7.pfb></usr/share/texlive/texmf-dist/fonts/type1/public/amsfonts/cm/cmr8.pf
b></usr/share/texlive/texmf-dist/fonts/type1/public/amsfonts/cm/cmsl12.pfb></us
r/share/texlive/texmf-dist/fonts/type1/public/amsfonts/cm/cmsy10.pfb></usr/shar
e/texlive/texmf-dist/fonts/type1/public/amsfonts/cm/cmsy6.pfb></usr/share/texli
ve/texmf-dist/fonts/type1/public/amsfonts/cm/cmsy8.pfb></usr/share/texlive/texm
f-dist/fonts/type1/public/amsfonts/cm/cmti12.pfb></usr/share/texlive/texmf-dist
/fonts/type1/public/amsfonts/cm/cmtt10.pfb></usr/share/texlive/texmf-dist/fonts
/type1/public/amsfonts/cm/cmtt12.pfb></usr/share/texlive/texmf-dist/fonts/type1
/public/amsfonts/symbols/msam10.pfb>
Output written on thesis_updated_2020.pdf (49 pages, 1844612 bytes).
PDF statistics:
 323 PDF objects out of 1000 (max. 8388607)
 187 compressed objects within 2 object streams
 0 named destinations out of 1000 (max. 500000)
 136 words of extra memory for PDF output out of 10000 (max. 10000000)

