This is pdfTeX, Version 3.141592653-2.6-1.40.22 (TeX Live 2022/dev/Debian) (preloaded format=pdflatex 2025.7.10)  14 JUL 2025 02:34
entering extended mode
 restricted \write18 enabled.
 %&-line parsing enabled.
**paper.tex
(./paper.tex
LaTeX2e <2021-11-15> patch level 1
L3 programming layer <2022-01-21> (./JFM-FLM_Au.cls

LaTeX Warning: You have requested document class `JFM-FLM_Au',
               but the document class provides `jfm'.

Document Class: jfm 2006/11/13 v1.27 Journal of Fluid Mechanics document class
\topsepi=\skip47
\topsepii=\skip48
\topsepiii=\skip49
\topsepiv=\skip50
\topsepv=\skip51
\topsepvi=\skip52
\topsepvii=\skip53
\topsepviii=\skip54
\topsepix=\skip55
\topsepx=\skip56
\itemsepi=\skip57
\itemsepii=\skip58
\itemsepiii=\skip59
\itemsepiv=\skip60
\itemsepv=\skip61
\itemsepvi=\skip62
\itemsepvii=\skip63
\itemsepviii=\skip64
\itemsepix=\skip65
\itemsepx=\skip66
\listtextleftmargin=\skip67
\listtextleftmarginii=\skip68
\listtextleftmarginiii=\skip69
\listtextleftmarginiv=\skip70
\listtextleftmarginv=\skip71
\listtextleftmarginvi=\skip72
\listtextleftmarginvii=\skip73
\listtextleftmarginviii=\skip74
\listtextleftmarginix=\skip75
\listtextleftmarginx=\skip76
\listtextrightmargin=\skip77
\listlabelleftskip=\skip78
\listlabelleftskipii=\skip79
\listlabelleftskipiii=\skip80
\listlabelleftskipiv=\skip81
\listlabelleftskipv=\skip82
\listlabelleftskipvi=\skip83
\listlabelleftskipvii=\skip84
\listlabelleftskipviii=\skip85
\listlabelleftskipix=\skip86
\listlabelleftskipx=\skip87
\abovelistskip=\skip88
\belowlistskip=\skip89
\abovelistskipi=\skip90
\belowlistskipi=\skip91
\abovelistskipii=\skip92
\belowlistskipii=\skip93
\abovelistskipiii=\skip94
\belowlistskipiii=\skip95
\abovelistskipiv=\skip96
\belowlistskipiv=\skip97
\abovelistskipv=\skip98
\belowlistskipv=\skip99
\abovelistskipvi=\skip100
\belowlistskipvi=\skip101
\abovelistskipvii=\skip102
\belowlistskipvii=\skip103
\abovelistskipviii=\skip104
\belowlistskipviii=\skip105
\abovelistskipix=\skip106
\belowlistskipix=\skip107
\abovelistskipx=\skip108
\belowlistskipx=\skip109
\labelsepi=\skip110
\labelsepii=\skip111
\labelsepiii=\skip112
\labelsepiv=\skip113
\labelsepv=\skip114
\labelsepvi=\skip115
\labelsepvii=\skip116
\labelsepviii=\skip117
\labelsepix=\skip118
\labelsepx=\skip119
\unnumlistitemindent=\skip120
\unnumlisttextskip=\skip121
\tempbox=\box50
\enumdim=\dimen138
\tempdimen=\dimen139
\LabelSep=\dimen140
\leftmarginvii=\dimen141
\leftmarginviii=\dimen142
\leftmarginix=\dimen143
\leftmarginx=\dimen144
\enumdimwd=\dimen145
\itemleftmargin=\dimen146
\itemlabelsep=\dimen147
(/usr/share/texlive/texmf-dist/tex/latex/graphics/graphicx.sty
Package: graphicx 2021/09/16 v1.2d Enhanced LaTeX Graphics (DPC,SPQR)

(/usr/share/texlive/texmf-dist/tex/latex/graphics/keyval.sty
Package: keyval 2014/10/28 v1.15 key=value parser (DPC)
\KV@toks@=\toks16
)
(/usr/share/texlive/texmf-dist/tex/latex/graphics/graphics.sty
Package: graphics 2021/03/04 v1.4d Standard LaTeX Graphics (DPC,SPQR)

(/usr/share/texlive/texmf-dist/tex/latex/graphics/trig.sty
Package: trig 2021/08/11 v1.11 sin cos tan (DPC)
)
(/usr/share/texlive/texmf-dist/tex/latex/graphics-cfg/graphics.cfg
File: graphics.cfg 2016/06/04 v1.11 sample graphics configuration
)
Package graphics Info: Driver file: pdftex.def on input line 107.

(/usr/share/texlive/texmf-dist/tex/latex/graphics-def/pdftex.def
File: pdftex.def 2020/10/05 v1.2a Graphics/color driver for pdftex
))
\Gin@req@height=\dimen148
\Gin@req@width=\dimen149
)
(/usr/share/texlive/texmf-dist/tex/latex/hyperref/hyperref.sty
Package: hyperref 2021-06-07 v7.00m Hypertext links for LaTeX

(/usr/share/texlive/texmf-dist/tex/generic/ltxcmds/ltxcmds.sty
Package: ltxcmds 2020-05-10 v1.25 LaTeX kernel commands for general use (HO)
)
(/usr/share/texlive/texmf-dist/tex/generic/iftex/iftex.sty
Package: iftex 2020/03/06 v1.0d TeX engine tests
)
(/usr/share/texlive/texmf-dist/tex/generic/pdftexcmds/pdftexcmds.sty
Package: pdftexcmds 2020-06-27 v0.33 Utility functions of pdfTeX for LuaTeX (HO
)

(/usr/share/texlive/texmf-dist/tex/generic/infwarerr/infwarerr.sty
Package: infwarerr 2019/12/03 v1.5 Providing info/warning/error messages (HO)
)
Package pdftexcmds Info: \pdf@primitive is available.
Package pdftexcmds Info: \pdf@ifprimitive is available.
Package pdftexcmds Info: \pdfdraftmode found.
)
(/usr/share/texlive/texmf-dist/tex/generic/kvsetkeys/kvsetkeys.sty
Package: kvsetkeys 2019/12/15 v1.18 Key value parser (HO)
)
(/usr/share/texlive/texmf-dist/tex/generic/kvdefinekeys/kvdefinekeys.sty
Package: kvdefinekeys 2019-12-19 v1.6 Define keys (HO)
)
(/usr/share/texlive/texmf-dist/tex/generic/pdfescape/pdfescape.sty
Package: pdfescape 2019/12/09 v1.15 Implements pdfTeX's escape features (HO)
)
(/usr/share/texlive/texmf-dist/tex/latex/hycolor/hycolor.sty
Package: hycolor 2020-01-27 v1.10 Color options for hyperref/bookmark (HO)
)
(/usr/share/texlive/texmf-dist/tex/latex/letltxmacro/letltxmacro.sty
Package: letltxmacro 2019/12/03 v1.6 Let assignment for LaTeX macros (HO)
)
(/usr/share/texlive/texmf-dist/tex/latex/auxhook/auxhook.sty
Package: auxhook 2019-12-17 v1.6 Hooks for auxiliary files (HO)
)
(/usr/share/texlive/texmf-dist/tex/latex/kvoptions/kvoptions.sty
Package: kvoptions 2020-10-07 v3.14 Key value format for package options (HO)
)
\@linkdim=\dimen150
\Hy@linkcounter=\count185
\Hy@pagecounter=\count186

(/usr/share/texlive/texmf-dist/tex/latex/hyperref/pd1enc.def
File: pd1enc.def 2021-06-07 v7.00m Hyperref: PDFDocEncoding definition (HO)
Now handling font encoding PD1 ...
... no UTF-8 mapping file for font encoding PD1
)
(/usr/share/texlive/texmf-dist/tex/latex/hyperref/hyperref-langpatches.def
File: hyperref-langpatches.def 2021-06-07 v7.00m Hyperref: patches for babel la
nguages
)
(/usr/share/texlive/texmf-dist/tex/generic/intcalc/intcalc.sty
Package: intcalc 2019/12/15 v1.3 Expandable calculations with integers (HO)
)
(/usr/share/texlive/texmf-dist/tex/generic/etexcmds/etexcmds.sty
Package: etexcmds 2019/12/15 v1.7 Avoid name clashes with e-TeX commands (HO)
)
\Hy@SavedSpaceFactor=\count187

(/usr/share/texlive/texmf-dist/tex/latex/hyperref/puenc.def
File: puenc.def 2021-06-07 v7.00m Hyperref: PDF Unicode definition (HO)
Now handling font encoding PU ...
... no UTF-8 mapping file for font encoding PU
)
Package hyperref Info: Hyper figures OFF on input line 4192.
Package hyperref Info: Link nesting OFF on input line 4197.
Package hyperref Info: Hyper index ON on input line 4200.
Package hyperref Info: Plain pages OFF on input line 4207.
Package hyperref Info: Backreferencing OFF on input line 4212.
Package hyperref Info: Implicit mode ON; LaTeX internals redefined.
Package hyperref Info: Bookmarks ON on input line 4445.
\c@Hy@tempcnt=\count188

(/usr/share/texlive/texmf-dist/tex/latex/url/url.sty
\Urlmuskip=\muskip16
Package: url 2013/09/16  ver 3.4  Verb mode for urls, etc.
)
LaTeX Info: Redefining \url on input line 4804.
\XeTeXLinkMargin=\dimen151

(/usr/share/texlive/texmf-dist/tex/generic/bitset/bitset.sty
Package: bitset 2019/12/09 v1.3 Handle bit-vector datatype (HO)

(/usr/share/texlive/texmf-dist/tex/generic/bigintcalc/bigintcalc.sty
Package: bigintcalc 2019/12/15 v1.5 Expandable calculations on big integers (HO
)
))
\Fld@menulength=\count189
\Field@Width=\dimen152
\Fld@charsize=\dimen153
Package hyperref Info: Hyper figures OFF on input line 6076.
Package hyperref Info: Link nesting OFF on input line 6081.
Package hyperref Info: Hyper index ON on input line 6084.
Package hyperref Info: backreferencing OFF on input line 6091.
Package hyperref Info: Link coloring OFF on input line 6096.
Package hyperref Info: Link coloring with OCG OFF on input line 6101.
Package hyperref Info: PDF/A mode OFF on input line 6106.
LaTeX Info: Redefining \ref on input line 6146.
LaTeX Info: Redefining \pageref on input line 6150.

(/usr/share/texlive/texmf-dist/tex/latex/base/atbegshi-ltx.sty
Package: atbegshi-ltx 2021/01/10 v1.0c Emulation of the original atbegshi
package with kernel methods
)

Package hyperref Warning: Option `pdfpagelabels' is turned off
(hyperref)                because \thepage is undefined.

\c@Item=\count190
\c@Hfootnote=\count191
)
Package hyperref Info: Driver (autodetected): hpdftex.
 (/usr/share/texlive/texmf-dist/tex/latex/hyperref/hpdftex.def
File: hpdftex.def 2021-06-07 v7.00m Hyperref driver for pdfTeX
\Fld@listcount=\count192
\c@bookmark@seq@number=\count193

(/usr/share/texlive/texmf-dist/tex/latex/rerunfilecheck/rerunfilecheck.sty
Package: rerunfilecheck 2019/12/05 v1.9 Rerun checks for auxiliary files (HO)

(/usr/share/texlive/texmf-dist/tex/latex/base/atveryend-ltx.sty
Package: atveryend-ltx 2020/08/19 v1.0a Emulation of the original atveryend pac
kage
with kernel methods
)
(/usr/share/texlive/texmf-dist/tex/generic/uniquecounter/uniquecounter.sty
Package: uniquecounter 2019/12/15 v1.4 Provide unlimited unique counter (HO)
)
Package uniquecounter Info: New unique counter `rerunfilecheck' on input line 2
86.
)
\Hy@SectionHShift=\skip122
)
Package hyperref Info: Option `colorlinks' set `true' on input line 153.

(/usr/share/texlive/texmf-dist/tex/latex/bookmark/bookmark.sty
Package: bookmark 2020-11-06 v1.29 PDF bookmarks (HO)

(/usr/share/texlive/texmf-dist/tex/latex/bookmark/bkm-pdftex.def
File: bkm-pdftex.def 2020-11-06 v1.29 bookmark driver for pdfTeX (HO)
\BKM@id=\count194
))
(/usr/share/texlive/texmf-dist/tex/latex/breakurl/breakurl.sty
Package: breakurl 2013/04/10 v1.40 Breakable hyperref URLs

(/usr/share/texlive/texmf-dist/tex/latex/xkeyval/xkeyval.sty
Package: xkeyval 2020/11/20 v2.8 package option processing (HA)

(/usr/share/texlive/texmf-dist/tex/generic/xkeyval/xkeyval.tex
(/usr/share/texlive/texmf-dist/tex/generic/xkeyval/xkvutils.tex
\XKV@toks=\toks17
\XKV@tempa@toks=\toks18
)
\XKV@depth=\count195
File: xkeyval.tex 2014/12/03 v2.7a key=value parser (HA)
))
(/usr/share/texlive/texmf-dist/tex/generic/iftex/ifpdf.sty
Package: ifpdf 2019/10/25 v3.4 ifpdf legacy package. Use iftex instead.
)

Package breakurl Warning: You are using breakurl while processing via pdflatex.

(breakurl)                \burl will be just a synonym of \url.
(breakurl)                 on input line 48.

) (/usr/share/texlive/texmf-dist/tex/latex/booktabs/booktabs.sty
Package: booktabs 2020/01/12 v1.61803398 Publication quality tables
\heavyrulewidth=\dimen154
\lightrulewidth=\dimen155
\cmidrulewidth=\dimen156
\belowrulesep=\dimen157
\belowbottomsep=\dimen158
\aboverulesep=\dimen159
\abovetopsep=\dimen160
\cmidrulesep=\dimen161
\cmidrulekern=\dimen162
\defaultaddspace=\dimen163
\@cmidla=\count196
\@cmidlb=\count197
\@aboverulesep=\dimen164
\@belowrulesep=\dimen165
\@thisruleclass=\count198
\@lastruleclass=\count199
\@thisrulewidth=\dimen166
)
(/usr/share/texlive/texmf-dist/tex/latex/colortbl/colortbl.sty
Package: colortbl 2020/01/04 v1.0e Color table columns (DPC)

(/usr/share/texlive/texmf-dist/tex/latex/tools/array.sty
Package: array 2021/10/04 v2.5f Tabular extension package (FMi)
\col@sep=\dimen167
\ar@mcellbox=\box51
\extrarowheight=\dimen168
\NC@list=\toks19
\extratabsurround=\skip123
\backup@length=\skip124
\ar@cellbox=\box52
)
(/usr/share/texlive/texmf-dist/tex/latex/graphics/color.sty
Package: color 2021/12/07 v1.3c Standard LaTeX Color (DPC)

(/usr/share/texlive/texmf-dist/tex/latex/graphics-cfg/color.cfg
File: color.cfg 2016/01/02 v1.6 sample color configuration
)
Package color Info: Driver file: pdftex.def on input line 149.
)
\everycr=\toks20
\minrowclearance=\skip125
)
(/usr/share/texlive/texmf-dist/tex/latex/algorithm2e/algorithm2e.sty
Package: algorithm2e 2017/07/18 v5.2 algorithms environments
\c@AlgoLine=\count266

(/usr/share/texlive/texmf-dist/tex/latex/base/ifthen.sty
Package: ifthen 2020/11/24 v1.1c Standard LaTeX ifthen package (DPC)
)
\algocf@hangindent=\skip126

(/usr/share/texlive/texmf-dist/tex/latex/ifoddpage/ifoddpage.sty
Package: ifoddpage 2016/04/23 v1.1 Conditionals for odd/even page detection
\c@checkoddpage=\count267
)
(/usr/share/texlive/texmf-dist/tex/latex/tools/xspace.sty
Package: xspace 2014/10/28 v1.13 Space after command names (DPC,MH)
)
(/usr/share/texlive/texmf-dist/tex/latex/relsize/relsize.sty
Package: relsize 2013/03/29 ver 4.1


Package relsize Warning: Failed to get list of defined font sizes.
(relsize)                Size scaling will attempt arbitrary sizes..

)
\skiptotal=\skip127
\skiplinenumber=\skip128
\skiprule=\skip129
\skiphlne=\skip130
\skiptext=\skip131
\skiplength=\skip132
\algomargin=\skip133
\skipalgocfslide=\skip134
\algowidth=\dimen169
\inoutsize=\dimen170
\inoutindent=\dimen171
\interspacetitleruled=\dimen172
\interspacealgoruled=\dimen173
\interspacetitleboxruled=\dimen174
\algocf@ruledwidth=\skip135
\algocf@inoutbox=\box53
\algocf@inputbox=\box54
\AlCapSkip=\skip136
\AlCapHSkip=\skip137
\algoskipindent=\skip138
\algocf@nlbox=\box55
\algocf@hangingbox=\box56
\algocf@untilbox=\box57
\algocf@skipuntil=\skip139
\algocf@capbox=\box58
\algocf@lcaptionbox=\skip140
\algoheightruledefault=\skip141
\algoheightrule=\skip142
\algotitleheightruledefault=\skip143
\algotitleheightrule=\skip144
\c@algocfline=\count268
\c@algocfproc=\count269
\c@algocf=\count270
\algocf@algoframe=\box59
\algocf@algobox=\box60
) (/usr/share/texlive/texmf-dist/tex/latex/tools/calc.sty
Package: calc 2017/05/25 v4.3 Infix arithmetic (KKT,FJ)
\calc@Acount=\count271
\calc@Bcount=\count272
\calc@Adimen=\dimen175
\calc@Bdimen=\dimen176
\calc@Askip=\skip145
\calc@Bskip=\skip146
LaTeX Info: Redefining \setlength on input line 80.
LaTeX Info: Redefining \addtolength on input line 81.
\calc@Ccount=\count273
\calc@Cskip=\skip147
)
(/usr/share/texlive/texmf-dist/tex/generic/soul/soul.sty
Package: soul 2003/11/17 v2.4 letterspacing/underlining (mf)
\SOUL@word=\toks21
\SOUL@lasttoken=\toks22
\SOUL@cmds=\toks23
\SOUL@buffer=\toks24
\SOUL@token=\toks25
\SOUL@spaceskip=\skip148
\SOUL@ttwidth=\dimen177
\SOUL@uldp=\dimen178
\SOUL@ulht=\dimen179
)
\trimwidthval=\dimen180
\trimwidthbleedval=\dimen181
\trimheightval=\dimen182
\trimheightbleedval=\dimen183
\trimwidth=\skip149
\trimheight=\skip150
\typewidth=\skip151
\typeheight=\skip152
LaTeX Info: Redefining \textsfbi on input line 326.
LaTeX Font Info:    Redeclaring math alphabet \mathsfbi on input line 326.
LaTeX Font Info:    Overwriting math alphabet `\mathsfbi' in version `normal'
(Font)                  OT1/cmss/m/sl --> T1/phv/b/it on input line 326.
LaTeX Font Info:    Overwriting math alphabet `\mathsfbi' in version `bold'
(Font)                  OT1/cmss/m/sl --> T1/phv/b/it on input line 326.
LaTeX Info: Redefining \textsfbi on input line 330.
LaTeX Font Info:    Redeclaring math alphabet \mathsfbi on input line 330.
LaTeX Font Info:    Overwriting math alphabet `\mathsfbi' in version `normal'
(Font)                  T1/phv/b/it --> OT1/phv/b/it on input line 330.
LaTeX Font Info:    Overwriting math alphabet `\mathsfbi' in version `bold'
(Font)                  T1/phv/b/it --> OT1/phv/b/it on input line 330.
\halflineskip=\skip153
\affilskip=\skip154

(/usr/share/texlive/texmf-dist/tex/latex/epstopdf-pkg/epstopdf.sty
Package: epstopdf 2020-01-24 v2.11 Conversion with epstopdf on the fly (HO)

(/usr/share/texlive/texmf-dist/tex/latex/grfext/grfext.sty
Package: grfext 2019/12/03 v1.3 Manage graphics extensions (HO)
)
(/usr/share/texlive/texmf-dist/tex/latex/epstopdf-pkg/epstopdf-base.sty
Package: epstopdf-base 2020-01-24 v2.11 Base part for package epstopdf
Package epstopdf-base Info: Redefining graphics rule for `.eps' on input line 4
85.
Package grfext Info: Graphics extension search list:
(grfext)             [.pdf,.png,.jpg,.mps,.jpeg,.jbig2,.jb2,.PDF,.PNG,.JPG,.JPE
G,.JBIG2,.JB2,.eps]
(grfext)             \AppendGraphicsExtensions on input line 504.

(/usr/share/texlive/texmf-dist/tex/latex/latexconfig/epstopdf-sys.cfg
File: epstopdf-sys.cfg 2010/07/13 v1.3 Configuration of (r)epstopdf for TeX Liv
e
)))
\c@part=\count274
\c@section=\count275
\c@subsection=\count276
\c@subsubsection=\count277
\c@paragraph=\count278
\c@refsection=\count279
\@indentskip=\skip155
\smallindent=\skip156
\@footindent=\skip157
\@leftskip=\skip158
\c@enumv=\count280
\c@enumvi=\count281
\c@enumvii=\count282
\c@enumviii=\count283
\c@enumix=\count284
\c@enumx=\count285
\@stequation=\toks26
\c@subequation=\count286

(/usr/share/texlive/texmf-dist/tex/latex/caption/caption.sty
Package: caption 2020/10/26 v3.5g Customizing captions (AR)

(/usr/share/texlive/texmf-dist/tex/latex/caption/caption3.sty
Package: caption3 2020/10/21 v2.2e caption3 kernel (AR)
\captionmargin=\dimen184
\captionmargin@=\dimen185
\captionwidth=\dimen186
\caption@tempdima=\dimen187
\caption@indent=\dimen188
\caption@parindent=\dimen189
\caption@hangindent=\dimen190
\abovecaptionskip=\skip159
\belowcaptionskip=\skip160
Package caption Info: Unknown document class (or package),
(caption)             standard defaults will be used.
Package caption Info: \@makecaption = \long macro:#1#2->\relax  on input line 1
139.
)

Package caption Warning: Unknown document class (or package),
(caption)                standard defaults will be used.
See the caption package documentation for explanation.

\c@caption@flags=\count287
\c@continuedfloat=\count288
Package caption Info: hyperref package is loaded.
)
\c@table=\count289
\c@figure=\count290
LaTeX Info: Redefining \cite on input line 1973.
\astrutbox=\box61


Found the 'amsbsy' package on the system, using it.

(/usr/share/texlive/texmf-dist/tex/latex/amsmath/amsbsy.sty
Package: amsbsy 1999/11/29 v1.2d Bold Symbols

(/usr/share/texlive/texmf-dist/tex/latex/amsmath/amsgen.sty
File: amsgen.sty 1999/11/30 v2.0 generic functions
\@emptytoks=\toks27
\ex@=\dimen191
)
\pmbraise@=\dimen192
)


Found AMS Euler Roman fonts on the system, but you dont seem to have the
'upmath' package installed. JFM.cls can take advantage of these fonts,
if you use 'upmath' package.




Found AMS Symbol fonts on the system, using the 'amssymb' package.

(/usr/share/texlive/texmf-dist/tex/latex/amsfonts/amssymb.sty
Package: amssymb 2013/01/14 v3.01 AMS font symbols

(/usr/share/texlive/texmf-dist/tex/latex/amsfonts/amsfonts.sty
Package: amsfonts 2013/01/14 v3.01 Basic AMSFonts support
\symAMSa=\mathgroup4
\symAMSb=\mathgroup5
LaTeX Font Info:    Redeclaring math symbol \hbar on input line 98.
LaTeX Font Info:    Overwriting math alphabet `\mathfrak' in version `bold'
(Font)                  U/euf/m/n --> U/euf/b/n on input line 106.
))
(/usr/share/texlive/texmf-dist/tex/latex/newtx/newtxtext.sty
Package: newtxtext 2022/01/11 v1.705(Michael Sharpe) latex and unicode latex su
pport for TeXGyreTermesX

`newtxtext' v1.705, 2022/01/11 Text macros taking advantage of TeXGyre Termes a
nd its extensions (msharpe)
(/usr/share/texlive/texmf-dist/tex/latex/base/fontenc.sty
Package: fontenc 2021/04/29 v2.0v Standard LaTeX package
)
(/usr/share/texlive/texmf-dist/tex/generic/iftex/ifxetex.sty
Package: ifxetex 2019/10/25 v0.7 ifxetex legacy package. Use iftex instead.
)
(/usr/share/texlive/texmf-dist/tex/generic/iftex/ifluatex.sty
Package: ifluatex 2019/10/25 v1.5 ifluatex legacy package. Use iftex instead.
)
(/usr/share/texlive/texmf-dist/tex/latex/etoolbox/etoolbox.sty
Package: etoolbox 2020/10/05 v2.5k e-TeX tools for LaTeX (JAW)
\etb@tempcnta=\count291
)
(/usr/share/texlive/texmf-dist/tex/latex/base/textcomp.sty
Package: textcomp 2020/02/02 v2.0n Standard LaTeX package
)
(/usr/share/texlive/texmf-dist/tex/generic/xstring/xstring.sty
(/usr/share/texlive/texmf-dist/tex/generic/xstring/xstring.tex
\integerpart=\count292
\decimalpart=\count293
)
Package: xstring 2021/07/21 v1.84 String manipulations (CT)
)
(/usr/share/texlive/texmf-dist/tex/latex/carlisle/scalefnt.sty)
LaTeX Font Info:    Setting ntxLF sub-encoding to TS1/0 on input line 27.
LaTeX Font Info:    Setting ntxTLF sub-encoding to TS1/0 on input line 27.
LaTeX Font Info:    Setting ntxOsF sub-encoding to TS1/0 on input line 27.
LaTeX Font Info:    Setting ntxTOsF sub-encoding to TS1/0 on input line 27.

(/usr/share/texlive/texmf-dist/tex/generic/kastrup/binhex.tex)
\ntx@tmpcnta=\count294
\ntx@cnt=\count295

(/usr/share/texlive/texmf-dist/tex/latex/fontaxes/fontaxes.sty
Package: fontaxes 2020/07/21 v1.0e Font selection axes
LaTeX Info: Redefining \upshape on input line 29.
LaTeX Info: Redefining \itshape on input line 31.
LaTeX Info: Redefining \slshape on input line 33.
LaTeX Info: Redefining \swshape on input line 35.
LaTeX Info: Redefining \scshape on input line 37.
LaTeX Info: Redefining \sscshape on input line 39.
LaTeX Info: Redefining \ulcshape on input line 41.
LaTeX Info: Redefining \textsw on input line 47.
LaTeX Info: Redefining \textssc on input line 48.
LaTeX Info: Redefining \textulc on input line 49.
)
LaTeX Info: Redefining \textsu on input line 541.
LaTeX Info: Redefining \oldstylenums on input line 631.
)
(/usr/share/texlive/texmf-dist/tex/latex/newtx/newtxmath.sty
Package: newtxmath 2021/12/18 v1.7

`newtxmath' v1.7, 2021/12/18 Math macros based originally on txfonts (msharpe)
(/usr/share/texlive/texmf-dist/tex/latex/amsmath/amsmath.sty
Package: amsmath 2021/10/15 v2.17l AMS math features
\@mathmargin=\skip161

For additional information on amsmath, use the `?' option.
(/usr/share/texlive/texmf-dist/tex/latex/amsmath/amstext.sty
Package: amstext 2021/08/26 v2.01 AMS text
)
(/usr/share/texlive/texmf-dist/tex/latex/amsmath/amsopn.sty
Package: amsopn 2021/08/26 v2.02 operator names
)
\inf@bad=\count296
LaTeX Info: Redefining \frac on input line 234.
\uproot@=\count297
\leftroot@=\count298
LaTeX Info: Redefining \overline on input line 399.
\classnum@=\count299
\DOTSCASE@=\count300
LaTeX Info: Redefining \ldots on input line 496.
LaTeX Info: Redefining \dots on input line 499.
LaTeX Info: Redefining \cdots on input line 620.
\Mathstrutbox@=\box62
\strutbox@=\box63
\big@size=\dimen193
LaTeX Font Info:    Redeclaring font encoding OML on input line 743.
LaTeX Font Info:    Redeclaring font encoding OMS on input line 744.
\macc@depth=\count301
\c@MaxMatrixCols=\count302
\dotsspace@=\muskip17
\c@parentequation=\count303
\dspbrk@lvl=\count304
\tag@help=\toks28
\row@=\count305
\column@=\count306
\maxfields@=\count307
\andhelp@=\toks29
\eqnshift@=\dimen194
\alignsep@=\dimen195
\tagshift@=\dimen196
\tagwidth@=\dimen197
\totwidth@=\dimen198
\lineht@=\dimen199
\@envbody=\toks30
\multlinegap=\skip162
\multlinetaggap=\skip163
\mathdisplay@stack=\toks31
LaTeX Info: Redefining \[ on input line 2938.
LaTeX Info: Redefining \] on input line 2939.
)
(/usr/share/texlive/texmf-dist/tex/latex/oberdiek/centernot.sty
Package: centernot 2016/05/16 v1.4 Centers the not symbol horizontally (HO)
)
\tx@cntz=\count308

(/usr/share/texlive/texmf-dist/tex/generic/kastrup/binhex.tex)
\tx@Isdigit=\count309
\tx@IsAlNum=\count310
\tx@tA=\toks32
\tx@tB=\toks33
\tx@su=\read2

amsthm NOT loaded
LaTeX Font Info:    Redeclaring symbol font `operators' on input line 373.
LaTeX Font Info:    Overwriting symbol font `operators' in version `normal'
(Font)                  OT1/cmr/m/n --> OT1/ntxtlf/m/n on input line 373.
LaTeX Font Info:    Overwriting symbol font `operators' in version `bold'
(Font)                  OT1/cmr/bx/n --> OT1/ntxtlf/m/n on input line 373.
LaTeX Font Info:    Overwriting symbol font `operators' in version `bold'
(Font)                  OT1/ntxtlf/m/n --> OT1/ntxtlf/b/n on input line 374.
LaTeX Font Info:    Redeclaring math alphabet \mathsf on input line 380.
LaTeX Font Info:    Overwriting math alphabet `\mathsf' in version `normal'
(Font)                  OT1/cmss/m/n --> T1/qhv/m/n on input line 380.
LaTeX Font Info:    Overwriting math alphabet `\mathsf' in version `bold'
(Font)                  OT1/cmss/bx/n --> T1/qhv/m/n on input line 380.
LaTeX Font Info:    Redeclaring math alphabet \mathit on input line 381.
LaTeX Font Info:    Overwriting math alphabet `\mathit' in version `normal'
(Font)                  OT1/cmr/m/it --> OT1/ntxtlf/m/it on input line 381.
LaTeX Font Info:    Overwriting math alphabet `\mathit' in version `bold'
(Font)                  OT1/cmr/bx/it --> OT1/ntxtlf/m/it on input line 381.
LaTeX Font Info:    Redeclaring math alphabet \mathtt on input line 382.
LaTeX Font Info:    Overwriting math alphabet `\mathtt' in version `normal'
(Font)                  OT1/cmtt/m/n --> T1/ntxtt/m/n on input line 382.
LaTeX Font Info:    Overwriting math alphabet `\mathtt' in version `bold'
(Font)                  OT1/cmtt/m/n --> T1/ntxtt/m/n on input line 382.
LaTeX Font Info:    Redeclaring math alphabet \mathbf on input line 384.
LaTeX Font Info:    Overwriting math alphabet `\mathbf' in version `normal'
(Font)                  OT1/cmr/bx/n --> OT1/ntxtlf/b/n on input line 384.
LaTeX Font Info:    Overwriting math alphabet `\mathbf' in version `bold'
(Font)                  OT1/cmr/bx/n --> OT1/ntxtlf/b/n on input line 384.
LaTeX Font Info:    Overwriting math alphabet `\mathit' in version `bold'
(Font)                  OT1/ntxtlf/m/it --> OT1/ntxtlf/b/it on input line 385.
LaTeX Font Info:    Overwriting math alphabet `\mathsf' in version `bold'
(Font)                  T1/qhv/m/n --> T1/qhv/b/n on input line 386.
LaTeX Font Info:    Overwriting math alphabet `\mathtt' in version `bold'
(Font)                  T1/ntxtt/m/n --> T1/ntxtt/b/n on input line 387.
LaTeX Font Info:    Redeclaring symbol font `letters' on input line 488.
LaTeX Font Info:    Overwriting symbol font `letters' in version `normal'
(Font)                  OML/cmm/m/it --> OML/ntxmi/m/it on input line 488.
LaTeX Font Info:    Overwriting symbol font `letters' in version `bold'
(Font)                  OML/cmm/b/it --> OML/ntxmi/m/it on input line 488.
LaTeX Font Info:    Overwriting symbol font `letters' in version `bold'
(Font)                  OML/ntxmi/m/it --> OML/ntxmi/b/it on input line 489.
\symlettersA=\mathgroup6
LaTeX Font Info:    Overwriting symbol font `lettersA' in version `bold'
(Font)                  U/ntxmia/m/it --> U/ntxmia/b/it on input line 544.
LaTeX Font Info:    Redeclaring math alphabet \mathfrak on input line 546.
Now handling font encoding LMS ...
... no UTF-8 mapping file for font encoding LMS
LaTeX Font Info:    Redeclaring symbol font `symbols' on input line 565.
LaTeX Font Info:    Encoding `OMS' has changed to `LMS' for symbol font
(Font)              `symbols' in the math version `normal' on input line 565.
LaTeX Font Info:    Overwriting symbol font `symbols' in version `normal'
(Font)                  OMS/cmsy/m/n --> LMS/ntxsy/m/n on input line 565.
LaTeX Font Info:    Encoding `OMS' has changed to `LMS' for symbol font
(Font)              `symbols' in the math version `bold' on input line 565.
LaTeX Font Info:    Overwriting symbol font `symbols' in version `bold'
(Font)                  OMS/cmsy/b/n --> LMS/ntxsy/m/n on input line 565.
LaTeX Font Info:    Overwriting symbol font `symbols' in version `bold'
(Font)                  LMS/ntxsy/m/n --> LMS/ntxsy/b/n on input line 566.
\symAMSm=\mathgroup7
LaTeX Font Info:    Overwriting symbol font `AMSm' in version `bold'
(Font)                  U/ntxsym/m/n --> U/ntxsym/b/n on input line 591.
\symsymbolsC=\mathgroup8
LaTeX Font Info:    Overwriting symbol font `symbolsC' in version `bold'
(Font)                  U/ntxsyc/m/n --> U/ntxsyc/b/n on input line 612.
Now handling font encoding LMX ...
... no UTF-8 mapping file for font encoding LMX
LaTeX Font Info:    Redeclaring symbol font `largesymbols' on input line 625.
LaTeX Font Info:    Encoding `OMX' has changed to `LMX' for symbol font
(Font)              `largesymbols' in the math version `normal' on input line 6
25.
LaTeX Font Info:    Overwriting symbol font `largesymbols' in version `normal'
(Font)                  OMX/cmex/m/n --> LMX/ntxexx/m/n on input line 625.
LaTeX Font Info:    Encoding `OMX' has changed to `LMX' for symbol font
(Font)              `largesymbols' in the math version `bold' on input line 625
.
LaTeX Font Info:    Overwriting symbol font `largesymbols' in version `bold'
(Font)                  OMX/cmex/m/n --> LMX/ntxexx/m/n on input line 625.
LaTeX Font Info:    Overwriting symbol font `largesymbols' in version `bold'
(Font)                  LMX/ntxexx/m/n --> LMX/ntxexx/b/n on input line 626.
\symlargesymbolsTXA=\mathgroup9
LaTeX Font Info:    Overwriting symbol font `largesymbolsTXA' in version `bold'

(Font)                  U/ntxexa/m/n --> U/ntxexa/b/n on input line 640.
\tx@sbptoks=\toks34
LaTeX Font Info:    Redeclaring math delimiter \lfloor on input line 863.
LaTeX Font Info:    Redeclaring math delimiter \rfloor on input line 864.
LaTeX Font Info:    Redeclaring math delimiter \lceil on input line 865.
LaTeX Font Info:    Redeclaring math delimiter \rceil on input line 866.
LaTeX Font Info:    Redeclaring math delimiter \lbrace on input line 867.
LaTeX Font Info:    Redeclaring math delimiter \rbrace on input line 868.
LaTeX Font Info:    Redeclaring math delimiter \langle on input line 869.
LaTeX Font Info:    Redeclaring math delimiter \rangle on input line 871.
LaTeX Font Info:    Redeclaring math delimiter \arrowvert on input line 875.
LaTeX Font Info:    Redeclaring math delimiter \vert on input line 876.
LaTeX Font Info:    Redeclaring math accent \dot on input line 947.
LaTeX Font Info:    Redeclaring math accent \ddot on input line 948.
LaTeX Font Info:    Redeclaring math accent \vec on input line 2017.
LaTeX Info: Redefining \Bbbk on input line 2807.
LaTeX Info: Redefining \not on input line 2956.
) (/usr/share/texlive/texmf-dist/tex/latex/natbib/natbib.sty
Package: natbib 2010/09/13 8.31b (PWD, AO)
\bibhang=\skip164
\bibsep=\skip165
LaTeX Info: Redefining \cite on input line 694.
\c@NAT@ctr=\count311
))
(/usr/share/texlive/texmf-dist/tex/latex/subfigure/subfigure.sty
Package: subfigure 2002/03/15 v2.1.5 subfigure package
\subfigtopskip=\skip166
\subfigcapskip=\skip167
\subfigcaptopadj=\dimen256
\subfigbottomskip=\skip168
\subfigcapmargin=\dimen257
\subfiglabelskip=\skip169
\c@subfigure=\count312
\c@lofdepth=\count313
\c@subtable=\count314
\c@lotdepth=\count315

****************************************
* Local config file subfigure.cfg used *
****************************************
(/usr/share/texlive/texmf-dist/tex/latex/subfigure/subfigure.cfg)
\subfig@top=\skip170
\subfig@bottom=\skip171
)
\c@lemma=\count316
\c@corollary=\count317
LaTeX Font Info:    Trying to load font information for T1+ntxtlf on input line
 22.

(/usr/share/texlive/texmf-dist/tex/latex/newtx/t1ntxtlf.fd
File: t1ntxtlf.fd 2021/05/24 v1.1 font definition file for T1/ntx/tlf
)
LaTeX Font Info:    Font shape `T1/ntxtlf/m/n' will be
(Font)              scaled to size 10.74011pt on input line 22.

(/usr/share/texlive/texmf-dist/tex/latex/l3backend/l3backend-pdftex.def
File: l3backend-pdftex.def 2022-01-12 L3 backend support: PDF output (pdfTeX)
\l__color_backend_stack_int=\count318
\l__pdf_internal_box=\box64
)
(./paper.aux)
\openout1 = `paper.aux'.

LaTeX Font Info:    Checking defaults for OML/ntxmi/m/it on input line 22.
LaTeX Font Info:    Trying to load font information for OML+ntxmi on input line
 22.
 (/usr/share/texlive/texmf-dist/tex/latex/newtx/omlntxmi.fd
File: omlntxmi.fd 2015/08/25 Fontinst v1.933 font definitions for OML/ntxmi.
)
LaTeX Font Info:    ... okay on input line 22.
LaTeX Font Info:    Checking defaults for OMS/cmsy/m/n on input line 22.
LaTeX Font Info:    ... okay on input line 22.
LaTeX Font Info:    Checking defaults for OT1/cmr/m/n on input line 22.
LaTeX Font Info:    ... okay on input line 22.
LaTeX Font Info:    Checking defaults for T1/cmr/m/n on input line 22.
LaTeX Font Info:    ... okay on input line 22.
LaTeX Font Info:    Checking defaults for TS1/cmr/m/n on input line 22.
LaTeX Font Info:    ... okay on input line 22.
LaTeX Font Info:    Checking defaults for OMX/cmex/m/n on input line 22.
LaTeX Font Info:    ... okay on input line 22.
LaTeX Font Info:    Checking defaults for U/ntxexa/m/n on input line 22.
LaTeX Font Info:    Trying to load font information for U+ntxexa on input line 
22.

(/usr/share/texlive/texmf-dist/tex/latex/newtx/untxexa.fd
File: untxexa.fd 2012/04/16 Fontinst v1.933 font definitions for U/ntxexa.
)
LaTeX Font Info:    ... okay on input line 22.
LaTeX Font Info:    Checking defaults for PD1/pdf/m/n on input line 22.
LaTeX Font Info:    ... okay on input line 22.
LaTeX Font Info:    Checking defaults for PU/pdf/m/n on input line 22.
LaTeX Font Info:    ... okay on input line 22.
LaTeX Font Info:    Checking defaults for LMS/ntxsy/m/n on input line 22.
LaTeX Font Info:    Trying to load font information for LMS+ntxsy on input line
 22.

(/usr/share/texlive/texmf-dist/tex/latex/newtx/lmsntxsy.fd
File: lmsntxsy.fd 2016/07/02 Fontinst v1.933 font definitions for LMS/ntxsy.
)
LaTeX Font Info:    ... okay on input line 22.
LaTeX Font Info:    Checking defaults for LMX/ntxexx/m/n on input line 22.
LaTeX Font Info:    Trying to load font information for LMX+ntxexx on input lin
e 22.

(/usr/share/texlive/texmf-dist/tex/latex/newtx/lmxntxexx.fd
File: lmxntxexx.fd 2016/07/03 Fontinst v1.933 font definitions for LMX/ntxexx.
)
LaTeX Font Info:    ... okay on input line 22.

(/usr/share/texlive/texmf-dist/tex/context/base/mkii/supp-pdf.mkii
[Loading MPS to PDF converter (version 2006.09.02).]
\scratchcounter=\count319
\scratchdimen=\dimen258
\scratchbox=\box65
\nofMPsegments=\count320
\nofMParguments=\count321
\everyMPshowfont=\toks35
\MPscratchCnt=\count322
\MPscratchDim=\dimen259
\MPnumerator=\count323
\makeMPintoPDFobject=\count324
\everyMPtoPDFconversion=\toks36
)

Package hyperref Warning: Height of page (\paperheight) is invalid (0.0pt),
(hyperref)                using 11in.

Package hyperref Info: Link coloring ON on input line 22.
(/usr/share/texlive/texmf-dist/tex/latex/hyperref/nameref.sty
Package: nameref 2021-04-02 v2.47 Cross-referencing by name of section

(/usr/share/texlive/texmf-dist/tex/latex/refcount/refcount.sty
Package: refcount 2019/12/15 v3.6 Data extraction from label references (HO)
)
(/usr/share/texlive/texmf-dist/tex/generic/gettitlestring/gettitlestring.sty
Package: gettitlestring 2019/12/15 v1.6 Cleanup title references (HO)
)
\c@section@level=\count325
)
LaTeX Info: Redefining \ref on input line 22.
LaTeX Info: Redefining \pageref on input line 22.
LaTeX Info: Redefining \nameref on input line 22.

(./lineno-FLM.sty (/usr/share/texlive/texmf-dist/tex/latex/lineno/lineno.sty
Package: lineno 2005/11/02 line numbers on paragraphs v4.41
\linenopenalty=\count326
\output=\toks37
\linenoprevgraf=\count327
\linenumbersep=\dimen260
\linenumberwidth=\dimen261
\c@linenumber=\count328
\c@pagewiselinenumber=\count329
\c@LN@truepage=\count330
\c@internallinenumber=\count331
\c@internallinenumbers=\count332
\quotelinenumbersep=\dimen262
\bframerule=\dimen263
\bframesep=\dimen264
\bframebox=\box66
LaTeX Info: Redefining \\ on input line 3056.
))
Package caption Info: Begin \AtBeginDocument code.
Package caption Info: subfigure package is loaded.
Package caption Info: End \AtBeginDocument code.
\c@mv@tabular=\count333
\c@mv@boldtabular=\count334
LaTeX Font Info:    Font shape `T1/ntxtlf/b/n' will be
(Font)              scaled to size 17.06374pt on input line 23.
LaTeX Font Info:    Calculating math sizes for size <17.06374> on input line 23
.
LaTeX Font Info:    Trying to load font information for OT1+ntxtlf on input lin
e 23.

(/usr/share/texlive/texmf-dist/tex/latex/newtx/ot1ntxtlf.fd
File: ot1ntxtlf.fd 2021/05/24 v1.0 font definition file for OT1/ntx/tlf
)
LaTeX Font Info:    Font shape `OT1/ntxtlf/m/n' will be
(Font)              scaled to size 17.06374pt on input line 23.
LaTeX Font Info:    Font shape `OT1/ntxtlf/m/n' will be
(Font)              scaled to size 12.45645pt on input line 23.
LaTeX Font Info:    Font shape `OT1/ntxtlf/m/n' will be
(Font)              scaled to size 9.3851pt on input line 23.
LaTeX Font Info:    Trying to load font information for U+msa on input line 23.


(/usr/share/texlive/texmf-dist/tex/latex/amsfonts/umsa.fd
File: umsa.fd 2013/01/14 v3.01 AMS symbols A
)
LaTeX Font Info:    Trying to load font information for U+msb on input line 23.


(/usr/share/texlive/texmf-dist/tex/latex/amsfonts/umsb.fd
File: umsb.fd 2013/01/14 v3.01 AMS symbols B
)
LaTeX Font Info:    Trying to load font information for U+ntxmia on input line 
23.

(/usr/share/texlive/texmf-dist/tex/latex/newtx/untxmia.fd
File: untxmia.fd 2018/04/14 Fontinst v1.933 font definitions for U/ntxmia.
)
LaTeX Font Info:    Trying to load font information for U+ntxsym on input line 
23.

(/usr/share/texlive/texmf-dist/tex/latex/newtx/untxsym.fd
File: untxsym.fd 2015/03/20 Fontinst v1.933 font definitions for U/ntxsym.
)
LaTeX Font Info:    Trying to load font information for U+ntxsyc on input line 
23.

(/usr/share/texlive/texmf-dist/tex/latex/newtx/untxsyc.fd
File: untxsyc.fd 2012/04/12 Fontinst v1.933 font definitions for U/ntxsyc.
)
LaTeX Font Info:    Font shape `T1/ntxtlf/b/n' will be
(Font)              scaled to size 12.45645pt on input line 23.
LaTeX Font Info:    Font shape `T1/ntxtlf/m/n' will be
(Font)              scaled to size 17.06374pt on input line 23.
LaTeX Font Info:    Font shape `T1/ntxtlf/m/n' will be
(Font)              scaled to size 8.0pt on input line 23.
LaTeX Font Info:    Font shape `T1/ntxtlf/m/n' will be
(Font)              scaled to size 10.53937pt on input line 23.
LaTeX Font Info:    Font shape `T1/ntxtlf/b/n' will be
(Font)              scaled to size 10.53937pt on input line 23.
LaTeX Font Info:    Calculating math sizes for size <10.53937> on input line 23
.
LaTeX Font Info:    Font shape `OT1/ntxtlf/m/n' will be
(Font)              scaled to size 10.53937pt on input line 23.
LaTeX Font Info:    Font shape `OT1/ntxtlf/m/n' will be
(Font)              scaled to size 7.69368pt on input line 23.
LaTeX Font Info:    Font shape `OT1/ntxtlf/m/n' will be
(Font)              scaled to size 5.79668pt on input line 23.
LaTeX Font Info:    Font shape `T1/ntxtlf/b/n' will be
(Font)              scaled to size 7.69368pt on input line 23.
LaTeX Font Info:    Font shape `T1/ntxtlf/m/n' will be
(Font)              scaled to size 9.0pt on input line 23.
LaTeX Font Info:    Font shape `OT1/ntxtlf/m/n' will be
(Font)              scaled to size 9.0pt on input line 23.
LaTeX Font Info:    Font shape `OT1/ntxtlf/m/n' will be
(Font)              scaled to size 7.3pt on input line 23.
LaTeX Font Info:    Font shape `OT1/ntxtlf/m/n' will be
(Font)              scaled to size 5.5pt on input line 23.
LaTeX Font Info:    Font shape `T1/ntxtlf/m/n' will be
(Font)              scaled to size 7.3pt on input line 23.
LaTeX Font Info:    Font shape `T1/ntxtlf/b/n' will be
(Font)              scaled to size 9.0pt on input line 23.
LaTeX Font Info:    Font shape `T1/ntxtlf/m/it' will be
(Font)              scaled to size 10.74011pt on input line 26.
LaTeX Font Info:    Calculating math sizes for size <10.74011> on input line 26
.
LaTeX Font Info:    Font shape `OT1/ntxtlf/m/n' will be
(Font)              scaled to size 10.74011pt on input line 26.
LaTeX Font Info:    Font shape `OT1/ntxtlf/m/n' will be
(Font)              scaled to size 7.84023pt on input line 26.
LaTeX Font Info:    Font shape `OT1/ntxtlf/m/n' will be
(Font)              scaled to size 5.90709pt on input line 26.
LaTeX Font Info:    Font shape `T1/ntxtlf/m/n' will be
(Font)              scaled to size 7.84023pt on input line 26.
LaTeX Font Info:    Trying to load font information for T1+ntxtt on input line 
26.

(/usr/share/texlive/texmf-dist/tex/latex/newtx/t1ntxtt.fd
File: t1ntxtt.fd 2012/04/20 v3.1
)
LaTeX Font Info:    Font shape `T1/ntxtt/m/n' will be
(Font)              scaled to size 10.74011pt on input line 26.
LaTeX Font Info:    Font shape `T1/ntxtlf/m/n' will be
(Font)              scaled to size 10.0pt on input line 29.
LaTeX Font Info:    Font shape `T1/ntxtlf/b/n' will be
(Font)              scaled to size 10.0pt on input line 29.
LaTeX Font Info:    Font shape `T1/ntxtlf/m/n' will be
(Font)              scaled to size 10.04pt on input line 35.
LaTeX Font Info:    Font shape `T1/ntxtlf/b/n' will be
(Font)              scaled to size 10.04pt on input line 35.
<plot/rigid_case/schematic_rigid_configuration.png, id=7, 756.8275pt x 539.0137
5pt>
File: plot/rigid_case/schematic_rigid_configuration.png Graphic file (type png)

<use plot/rigid_case/schematic_rigid_configuration.png>
Package pdftex.def Info: plot/rigid_case/schematic_rigid_configuration.png  use
d on input line 40.
(pdftex.def)             Requested size: 192.0pt x 136.74347pt.
LaTeX Font Info:    Font shape `T1/ntxtlf/m/n' will be
(Font)              scaled to size 8.73262pt on input line 41.
<plot/rigid_case/q_alpha_plot_with_point.png, id=9, 803.0pt x 803.0pt>
File: plot/rigid_case/q_alpha_plot_with_point.png Graphic file (type png)
<use plot/rigid_case/q_alpha_plot_with_point.png>
Package pdftex.def Info: plot/rigid_case/q_alpha_plot_with_point.png  used on i
nput line 51.
(pdftex.def)             Requested size: 153.59766pt x 153.58856pt.
<plot/rigid_case/q_alpha_plot_with_point_four_equilibria.png, id=10, 1036.87375
pt x 547.04375pt>
File: plot/rigid_case/q_alpha_plot_with_point_four_equilibria.png Graphic file 
(type png)
<use plot/rigid_case/q_alpha_plot_with_point_four_equilibria.png>
Package pdftex.def Info: plot/rigid_case/q_alpha_plot_with_point_four_equilibri
a.png  used on input line 56.
(pdftex.def)             Requested size: 222.7207pt x 117.50359pt.
LaTeX Font Info:    Calculating math sizes for size <8.73262> on input line 58.

LaTeX Font Info:    Font shape `OT1/ntxtlf/m/n' will be
(Font)              scaled to size 8.73262pt on input line 58.
LaTeX Font Info:    Font shape `OT1/ntxtlf/m/n' will be
(Font)              scaled to size 6.37477pt on input line 58.
LaTeX Font Info:    Font shape `OT1/ntxtlf/m/n' will be
(Font)              scaled to size 4.80296pt on input line 58.
LaTeX Font Info:    Font shape `T1/ntxtlf/m/n' will be
(Font)              scaled to size 8.5pt on input line 63.
LaTeX Font Info:    Font shape `T1/ntxtlf/m/it' will be
(Font)              scaled to size 8.5pt on input line 63.

Underfull \hbox (badness 10000) has occurred while \output is active

 []


Overfull \hbox (1.0pt too wide) has occurred while \output is active
[]
 []


Overfull \vbox (33.95294pt too high) has occurred while \output is active []

LaTeX Font Info:    Font shape `T1/ntxtlf/m/n' will be
(Font)              scaled to size 10.24pt on input line 63.
LaTeX Font Info:    Font shape `T1/ntxtlf/b/n' will be
(Font)              scaled to size 10.24pt on input line 63.
LaTeX Font Info:    Font shape `T1/ntxtlf/b/n' will be
(Font)              scaled to size 12.0pt on input line 63.

[1{/var/lib/texmf/fonts/map/pdftex/updmap/pdftex.map}
Non-PDF special ignored!
<special> papersize=174mm,247mm
 <./plot/rigid_case/schematic_rigid_configuration.png>]
LaTeX Font Info:    Font shape `OT1/ntxtlf/b/n' will be
(Font)              scaled to size 10.74011pt on input line 68.
LaTeX Font Info:    Font shape `OT1/ntxtlf/b/n' will be
(Font)              scaled to size 7.84023pt on input line 68.
LaTeX Font Info:    Font shape `OT1/ntxtlf/b/n' will be
(Font)              scaled to size 5.90709pt on input line 68.
<plot/rigid_case/schematic_rigid_configuration_color0_old.png, id=25, 877.2775p
t x 534.99875pt>
File: plot/rigid_case/schematic_rigid_configuration_color0_old.png Graphic file
 (type png)
<use plot/rigid_case/schematic_rigid_configuration_color0_old.png>
Package pdftex.def Info: plot/rigid_case/schematic_rigid_configuration_color0_o
ld.png  used on input line 90.
(pdftex.def)             Requested size: 192.0pt x 117.08783pt.
<plot/fluid_general.png, id=26, 959.585pt x 649.42625pt>
File: plot/fluid_general.png Graphic file (type png)
<use plot/fluid_general.png>
Package pdftex.def Info: plot/fluid_general.png  used on input line 100.
(pdftex.def)             Requested size: 307.20117pt x 207.90982pt.

Underfull \vbox (badness 2376) has occurred while \output is active []


Overfull \hbox (1.61096pt too wide) has occurred while \output is active
[] 
 []

[2 <./plot/rigid_case/q_alpha_plot_with_point.png> <./plot/rigid_case/q_alpha_p
lot_with_point_four_equilibria.png>] [3 <./plot/rigid_case/schematic_rigid_conf
iguration_color0_old.png> <./plot/fluid_general.png>] [4]
LaTeX Font Info:    Font shape `T1/ntxtlf/b/n' will be
(Font)              scaled to size 10.74011pt on input line 237.
LaTeX Font Info:    Font shape `T1/ntxtlf/m/n' will be
(Font)              scaled to size 5.90709pt on input line 244.
 [5]
Overfull \hbox (21.99074pt too wide) in paragraph at lines 290--292
\OML/ntxmi/m/it/10.74011 ^^^\LMS/ntxsy/m/n/10.74011 ¹\OML/ntxmi/m/it/10.74011 t
\LMS/ntxsy/m/n/10.74011 º$\T1/ntxtlf/m/n/10.74011 . Thus, trac-tion $[][]$ is a
lso the func-tion of these vari-ables, that is, $[][] []$.
 []


Overfull \hbox (1.61096pt too wide) has occurred while \output is active
[] 
 []

[6] [7]
Overfull \hbox (1.61096pt too wide) has occurred while \output is active
[] 
 []

[8]
Overfull \hbox (45.1994pt too wide) in paragraph at lines 485--486
[]\T1/ntxtlf/m/n/10.74011 We set the gov-ern-ing equa-tions [] as $\OT1/ntxtlf/
b/n/10.74011 E \U/ntxmia/m/it/10.74011 = \OT1/ntxtlf/b/n/10.74011 0$ \T1/ntxtlf
/m/n/10.74011 and the un-knowns as $\OT1/ntxtlf/b/n/10.74011 X \U/ntxmia/m/it/1
0.74011 = \LMS/ntxsy/m/n/10.74011 f\OML/ntxmi/m/it/10.74011 R[]\LMS/ntxsy/m/n/1
0.74011 ¹\OML/ntxmi/m/it/10.74011 t\LMS/ntxsy/m/n/10.74011 º\OML/ntxmi/m/it/10.
74011 ; X\LMS/ntxsy/m/n/10.74011 ¹\OML/ntxmi/m/it/10.74011 t\LMS/ntxsy/m/n/10.7
4011 º\OML/ntxmi/m/it/10.74011 ; Y\LMS/ntxsy/m/n/10.74011 ¹\OML/ntxmi/m/it/10.7
4011 t\LMS/ntxsy/m/n/10.74011 º\OML/ntxmi/m/it/10.74011 ; ^^^\LMS/ntxsy/m/n/10.
74011 ¹\OML/ntxmi/m/it/10.74011 t\LMS/ntxsy/m/n/10.74011 ºg$\T1/ntxtlf/m/n/10.7
4011 .
 []

[9]
<plot/geometry.png, id=225, 1116.17pt x 204.765pt>
File: plot/geometry.png Graphic file (type png)
<use plot/geometry.png>
Package pdftex.def Info: plot/geometry.png  used on input line 528.
(pdftex.def)             Requested size: 384.0pt x 70.44402pt.
LaTeX Font Info:    Font shape `OT1/ntxtlf/b/n' will be
(Font)              scaled to size 8.73262pt on input line 529.
LaTeX Font Info:    Font shape `OT1/ntxtlf/b/n' will be
(Font)              scaled to size 6.37477pt on input line 529.
LaTeX Font Info:    Font shape `OT1/ntxtlf/b/n' will be
(Font)              scaled to size 4.80296pt on input line 529.
 [10 <./plot/geometry.png>]
<plot/fluid.png, id=238, 955.57pt x 647.41875pt>
File: plot/fluid.png Graphic file (type png)
<use plot/fluid.png>
Package pdftex.def Info: plot/fluid.png  used on input line 551.
(pdftex.def)             Requested size: 307.20117pt x 208.12659pt.
<plot/elastic_case/deformed_config.png, id=239, 972.63374pt x 663.47874pt>
File: plot/elastic_case/deformed_config.png Graphic file (type png)
<use plot/elastic_case/deformed_config.png>
Package pdftex.def Info: plot/elastic_case/deformed_config.png  used on input l
ine 561.
(pdftex.def)             Requested size: 307.20117pt x 209.55371pt.

Underfull \vbox (badness 1762) has occurred while \output is active []

 [11 <./plot/fluid.png> <./plot/elastic_case/deformed_config.png>]
<plot/four_solutions2.png, id=251, 1204.5pt x 532.99126pt>
File: plot/four_solutions2.png Graphic file (type png)
<use plot/four_solutions2.png>
Package pdftex.def Info: plot/four_solutions2.png  used on input line 578.
(pdftex.def)             Requested size: 384.0pt x 169.9182pt.
<plot/RESLT_q_0.40_alpha_0.230pi_plot_step_refine2_new_recale_FSI/combine_elast
ic_beam_I_theta_q_0.40_alpha_0.230pi_initial_-4.80_refine2_15_new.png, id=254, 
1541.76pt x 803.0pt>
File: plot/RESLT_q_0.40_alpha_0.230pi_plot_step_refine2_new_recale_FSI/combine_
elastic_beam_I_theta_q_0.40_alpha_0.230pi_initial_-4.80_refine2_15_new.png Grap
hic file (type png)
<use plot/RESLT_q_0.40_alpha_0.230pi_plot_step_refine2_new_recale_FSI/combine_e
lastic_beam_I_theta_q_0.40_alpha_0.230pi_initial_-4.80_refine2_15_new.png>
Package pdftex.def Info: plot/RESLT_q_0.40_alpha_0.230pi_plot_step_refine2_new_
recale_FSI/combine_elastic_beam_I_theta_q_0.40_alpha_0.230pi_initial_-4.80_refi
ne2_15_new.png  used on input line 591.
(pdftex.def)             Requested size: 384.0pt x 199.98984pt.
<plot/RESLT_q_0.40_alpha_0.180pi_plot_step_refine2_new_recale_FSI/combine_elast
ic_beam_I_theta_q_0.400_alpha_0.180pi_initial_-4.80_refine2_rescale_FSI.png, id
=260, 1606.0pt x 803.0pt>
File: plot/RESLT_q_0.40_alpha_0.180pi_plot_step_refine2_new_recale_FSI/combine_
elastic_beam_I_theta_q_0.400_alpha_0.180pi_initial_-4.80_refine2_rescale_FSI.pn
g Graphic file (type png)
<use plot/RESLT_q_0.40_alpha_0.180pi_plot_step_refine2_new_recale_FSI/combine_e
lastic_beam_I_theta_q_0.400_alpha_0.180pi_initial_-4.80_refine2_rescale_FSI.png
>
Package pdftex.def Info: plot/RESLT_q_0.40_alpha_0.180pi_plot_step_refine2_new_
recale_FSI/combine_elastic_beam_I_theta_q_0.400_alpha_0.180pi_initial_-4.80_ref
ine2_rescale_FSI.png  used on input line 602.
(pdftex.def)             Requested size: 384.0pt x 192.00102pt.


LaTeX Warning: `!h' float specifier changed to `!ht'.


Overfull \hbox (1.61096pt too wide) has occurred while \output is active
[] 
 []

[12 <./plot/four_solutions2.png>]

LaTeX Warning: `!h' float specifier changed to `!ht'.

<plot/RESLT_animation_varying_alpha_q_0.400_step_rescale_FSI/elastic_beam_I_the
ta_q_0.400_alpha_5.png, id=272, 1204.5pt x 1204.5pt>
File: plot/RESLT_animation_varying_alpha_q_0.400_step_rescale_FSI/elastic_beam_
I_theta_q_0.400_alpha_5.png Graphic file (type png)
<use plot/RESLT_animation_varying_alpha_q_0.400_step_rescale_FSI/elastic_beam_I
_theta_q_0.400_alpha_5.png>
Package pdftex.def Info: plot/RESLT_animation_varying_alpha_q_0.400_step_rescal
e_FSI/elastic_beam_I_theta_q_0.400_alpha_5.png  used on input line 614.
(pdftex.def)             Requested size: 268.79883pt x 268.7953pt.
<plot/combine_elastic_beam_I_theta_q_0.452_alpha_0.125pi_initial_-4.80_0.png, i
d=275, 1204.5pt x 803.0pt>
File: plot/combine_elastic_beam_I_theta_q_0.452_alpha_0.125pi_initial_-4.80_0.p
ng Graphic file (type png)
<use plot/combine_elastic_beam_I_theta_q_0.452_alpha_0.125pi_initial_-4.80_0.pn
g>
Package pdftex.def Info: plot/combine_elastic_beam_I_theta_q_0.452_alpha_0.125p
i_initial_-4.80_0.png  used on input line 625.
(pdftex.def)             Requested size: 384.0pt x 255.99728pt.
<plot/logx_combine_elastic_beam_I_theta_q_0.452_alpha_0.125pi_initial_-4.80_0.p
ng, id=276, 1204.5pt x 803.0pt>
File: plot/logx_combine_elastic_beam_I_theta_q_0.452_alpha_0.125pi_initial_-4.8
0_0.png Graphic file (type png)
<use plot/logx_combine_elastic_beam_I_theta_q_0.452_alpha_0.125pi_initial_-4.80
_0.png>
Package pdftex.def Info: plot/logx_combine_elastic_beam_I_theta_q_0.452_alpha_0
.125pi_initial_-4.80_0.png  used on input line 635.
(pdftex.def)             Requested size: 384.0pt x 255.99728pt.
<plot/elastic_beam_I_theta_q_0.452_alpha_restart1.png, id=277, 1204.5pt x 1204.
5pt>
File: plot/elastic_beam_I_theta_q_0.452_alpha_restart1.png Graphic file (type p
ng)
<use plot/elastic_beam_I_theta_q_0.452_alpha_restart1.png>
Package pdftex.def Info: plot/elastic_beam_I_theta_q_0.452_alpha_restart1.png  
used on input line 644.
(pdftex.def)             Requested size: 180.6672pt x 180.6672pt.
<plot/elastic_beam_I_theta_q_0.452_alpha_restart2.png, id=278, 1204.5pt x 1204.
5pt>
File: plot/elastic_beam_I_theta_q_0.452_alpha_restart2.png Graphic file (type p
ng)
<use plot/elastic_beam_I_theta_q_0.452_alpha_restart2.png>
Package pdftex.def Info: plot/elastic_beam_I_theta_q_0.452_alpha_restart2.png  
used on input line 648.
(pdftex.def)             Requested size: 180.6672pt x 180.6672pt.
<plot/elastic_beam_I_theta_q_0.452_alpha_restart3.png, id=279, 1204.5pt x 1204.
5pt>
File: plot/elastic_beam_I_theta_q_0.452_alpha_restart3.png Graphic file (type p
ng)
<use plot/elastic_beam_I_theta_q_0.452_alpha_restart3.png>
Package pdftex.def Info: plot/elastic_beam_I_theta_q_0.452_alpha_restart3.png  
used on input line 652.
(pdftex.def)             Requested size: 180.6672pt x 180.6672pt.

LaTeX Warning: `!h' float specifier changed to `!ht'.

[13 <./plot/RESLT_q_0.40_alpha_0.230pi_plot_step_refine2_new_recale_FSI/combine
_elastic_beam_I_theta_q_0.40_alpha_0.230pi_initial_-4.80_refine2_15_new.png>]
Overfull \hbox (1.61096pt too wide) has occurred while \output is active
[] 
 []

[14 <./plot/RESLT_q_0.40_alpha_0.180pi_plot_step_refine2_new_recale_FSI/combine
_elastic_beam_I_theta_q_0.400_alpha_0.180pi_initial_-4.80_refine2_rescale_FSI.p
ng> <./plot/RESLT_animation_varying_alpha_q_0.400_step_rescale_FSI/elastic_beam
_I_theta_q_0.400_alpha_5.png>]

LaTeX Warning: `!h' float specifier changed to `!ht'.


LaTeX Warning: `!h' float specifier changed to `!ht'.

<plot/elastic_beam_alpha_theta_eq_q_0.400.png, id=294, 803.0pt x 803.0pt>
File: plot/elastic_beam_alpha_theta_eq_q_0.400.png Graphic file (type png)
<use plot/elastic_beam_alpha_theta_eq_q_0.400.png>
Package pdftex.def Info: plot/elastic_beam_alpha_theta_eq_q_0.400.png  used on 
input line 665.
(pdftex.def)             Requested size: 230.40234pt x 230.40123pt.
<plot/RESLT_q_alpha_plot/elastic_beam_general.png, id=300, 803.0pt x 803.0pt>
File: plot/RESLT_q_alpha_plot/elastic_beam_general.png Graphic file (type png)
<use plot/RESLT_q_alpha_plot/elastic_beam_general.png>
Package pdftex.def Info: plot/RESLT_q_alpha_plot/elastic_beam_general.png  used
 on input line 676.
(pdftex.def)             Requested size: 230.40234pt x 230.40123pt.
<plot/RESLT_q_alpha_plot_paper/elastic_beam_general.png, id=301, 602.25pt x 602
.25pt>
File: plot/RESLT_q_alpha_plot_paper/elastic_beam_general.png Graphic file (type
 png)
<use plot/RESLT_q_alpha_plot_paper/elastic_beam_general.png>
Package pdftex.def Info: plot/RESLT_q_alpha_plot_paper/elastic_beam_general.png
  used on input line 686.
(pdftex.def)             Requested size: 230.40234pt x 230.40121pt.

LaTeX Warning: `!h' float specifier changed to `!ht'.

[15 <./plot/combine_elastic_beam_I_theta_q_0.452_alpha_0.125pi_initial_-4.80_0.
png>]

LaTeX Warning: `!h' float specifier changed to `!ht'.


LaTeX Warning: `!h' float specifier changed to `!ht'.

<plot/RESLT_q_0.40_alpha_0.230pi_plot_step_refine2_new_recale_FSI/combine_elast
ic_beam_I_theta_q_0.40_alpha_0.230pi_initial_-4.80_refine2_15_new_not_log_dash_
line.png, id=310, 1204.5pt x 803.0pt>
File: plot/RESLT_q_0.40_alpha_0.230pi_plot_step_refine2_new_recale_FSI/combine_
elastic_beam_I_theta_q_0.40_alpha_0.230pi_initial_-4.80_refine2_15_new_not_log_
dash_line.png Graphic file (type png)
<use plot/RESLT_q_0.40_alpha_0.230pi_plot_step_refine2_new_recale_FSI/combine_e
lastic_beam_I_theta_q_0.40_alpha_0.230pi_initial_-4.80_refine2_15_new_not_log_d
ash_line.png>
Package pdftex.def Info: plot/RESLT_q_0.40_alpha_0.230pi_plot_step_refine2_new_
recale_FSI/combine_elastic_beam_I_theta_q_0.40_alpha_0.230pi_initial_-4.80_refi
ne2_15_new_not_log_dash_line.png  used on input line 699.
(pdftex.def)             Requested size: 307.20117pt x 204.80518pt.

LaTeX Warning: `!h' float specifier changed to `!ht'.

<plot/RESLT_q_0.40_alpha_0.180pi_plot_step_refine2_new_recale_FSI/combine_elast
ic_beam_I_theta_q_0.400_alpha_0.180pi_initial_-4.80_refine2_new_dash_line.png, 
id=311, 1204.5pt x 803.0pt>
File: plot/RESLT_q_0.40_alpha_0.180pi_plot_step_refine2_new_recale_FSI/combine_
elastic_beam_I_theta_q_0.400_alpha_0.180pi_initial_-4.80_refine2_new_dash_line.
png Graphic file (type png)
<use plot/RESLT_q_0.40_alpha_0.180pi_plot_step_refine2_new_recale_FSI/combine_e
lastic_beam_I_theta_q_0.400_alpha_0.180pi_initial_-4.80_refine2_new_dash_line.p
ng>
Package pdftex.def Info: plot/RESLT_q_0.40_alpha_0.180pi_plot_step_refine2_new_
recale_FSI/combine_elastic_beam_I_theta_q_0.400_alpha_0.180pi_initial_-4.80_ref
ine2_new_dash_line.png  used on input line 709.
(pdftex.def)             Requested size: 307.20117pt x 204.80518pt.

LaTeX Warning: `!h' float specifier changed to `!ht'.

<plot/tensile_boomerang.png, id=312, 650.43pt x 283.0575pt>
File: plot/tensile_boomerang.png Graphic file (type png)
<use plot/tensile_boomerang.png>
Package pdftex.def Info: plot/tensile_boomerang.png  used on input line 719.
(pdftex.def)             Requested size: 192.0pt x 83.55305pt.

LaTeX Warning: `!h' float specifier changed to `!ht'.


Overfull \hbox (1.61096pt too wide) has occurred while \output is active
[] 
 []

[16 <./plot/logx_combine_elastic_beam_I_theta_q_0.452_alpha_0.125pi_initial_-4.
80_0.png>]

LaTeX Warning: Text page 17 contains only floats.


Overfull \vbox (8.00162pt too high) has occurred while \output is active []


[17 <./plot/elastic_beam_I_theta_q_0.452_alpha_restart1.png> <./plot/elastic_be
am_I_theta_q_0.452_alpha_restart2.png> <./plot/elastic_beam_I_theta_q_0.452_alp
ha_restart3.png>]
Underfull \vbox (badness 1742) has occurred while \output is active []


Overfull \hbox (1.61096pt too wide) has occurred while \output is active
[] 
 []

[18 <./plot/elastic_beam_alpha_theta_eq_q_0.400.png> <./plot/RESLT_q_alpha_plot
/elastic_beam_general.png>] [19 <./plot/RESLT_q_alpha_plot_paper/elastic_beam_g
eneral.png> <./plot/RESLT_q_0.40_alpha_0.230pi_plot_step_refine2_new_recale_FSI
/combine_elastic_beam_I_theta_q_0.40_alpha_0.230pi_initial_-4.80_refine2_15_new
_not_log_dash_line.png>]
Overfull \hbox (1.61096pt too wide) has occurred while \output is active
[] 
 []

[20 <./plot/RESLT_q_0.40_alpha_0.180pi_plot_step_refine2_new_recale_FSI/combine
_elastic_beam_I_theta_q_0.400_alpha_0.180pi_initial_-4.80_refine2_new_dash_line
.png> <./plot/tensile_boomerang.png>]
<plot/tensile_stress/sigma_q_0.35_alpha_0.125pi.png, id=350, 602.25pt x 602.25p
t>
File: plot/tensile_stress/sigma_q_0.35_alpha_0.125pi.png Graphic file (type png
)
<use plot/tensile_stress/sigma_q_0.35_alpha_0.125pi.png>
Package pdftex.def Info: plot/tensile_stress/sigma_q_0.35_alpha_0.125pi.png  us
ed on input line 784.
(pdftex.def)             Requested size: 115.20117pt x 115.2006pt.
<plot/tensile_stress/sigma_q_0.40_alpha_0.125pi.png, id=351, 602.25pt x 602.25p
t>
File: plot/tensile_stress/sigma_q_0.40_alpha_0.125pi.png Graphic file (type png
)
<use plot/tensile_stress/sigma_q_0.40_alpha_0.125pi.png>
Package pdftex.def Info: plot/tensile_stress/sigma_q_0.40_alpha_0.125pi.png  us
ed on input line 790.
(pdftex.def)             Requested size: 115.20117pt x 115.2006pt.
<plot/tensile_stress/sigma_q_0.45_alpha_0.125pi.png, id=352, 602.25pt x 602.25p
t>
File: plot/tensile_stress/sigma_q_0.45_alpha_0.125pi.png Graphic file (type png
)
<use plot/tensile_stress/sigma_q_0.45_alpha_0.125pi.png>
Package pdftex.def Info: plot/tensile_stress/sigma_q_0.45_alpha_0.125pi.png  us
ed on input line 796.
(pdftex.def)             Requested size: 115.20117pt x 115.2006pt.
<plot/tensile_stress/sigma_q_0.35_alpha_0.250pi.png, id=353, 602.25pt x 602.25p
t>
File: plot/tensile_stress/sigma_q_0.35_alpha_0.250pi.png Graphic file (type png
)
<use plot/tensile_stress/sigma_q_0.35_alpha_0.250pi.png>
Package pdftex.def Info: plot/tensile_stress/sigma_q_0.35_alpha_0.250pi.png  us
ed on input line 803.
(pdftex.def)             Requested size: 115.20117pt x 115.2006pt.
<plot/tensile_stress/sigma_q_0.40_alpha_0.250pi.png, id=354, 602.25pt x 602.25p
t>
File: plot/tensile_stress/sigma_q_0.40_alpha_0.250pi.png Graphic file (type png
)
<use plot/tensile_stress/sigma_q_0.40_alpha_0.250pi.png>
Package pdftex.def Info: plot/tensile_stress/sigma_q_0.40_alpha_0.250pi.png  us
ed on input line 809.
(pdftex.def)             Requested size: 115.20117pt x 115.2006pt.
<plot/tensile_stress/sigma_q_0.45_alpha_0.250pi.png, id=355, 602.25pt x 602.25p
t>
File: plot/tensile_stress/sigma_q_0.45_alpha_0.250pi.png Graphic file (type png
)
<use plot/tensile_stress/sigma_q_0.45_alpha_0.250pi.png>
Package pdftex.def Info: plot/tensile_stress/sigma_q_0.45_alpha_0.250pi.png  us
ed on input line 815.
(pdftex.def)             Requested size: 115.20117pt x 115.2006pt.
 [21 <./plot/tensile_stress/sigma_q_0.35_alpha_0.125pi.png> <./plot/tensile_str
ess/sigma_q_0.40_alpha_0.125pi.png> <./plot/tensile_stress/sigma_q_0.45_alpha_0
.125pi.png> <./plot/tensile_stress/sigma_q_0.35_alpha_0.250pi.png> <./plot/tens
ile_stress/sigma_q_0.40_alpha_0.250pi.png> <./plot/tensile_stress/sigma_q_0.45_
alpha_0.250pi.png>]
<plot/rotating_and_non_rotating/rotating.png, id=371, 1204.5pt x 813.0375pt>
File: plot/rotating_and_non_rotating/rotating.png Graphic file (type png)
<use plot/rotating_and_non_rotating/rotating.png>
Package pdftex.def Info: plot/rotating_and_non_rotating/rotating.png  used on i
nput line 827.
(pdftex.def)             Requested size: 384.0pt x 259.19725pt.
<plot/T_alpha_plots/I_0.0003000_q_0.300_initial_-4.80_element_20_T_alpha_plot_n
ew.png, id=372, 536.0025pt x 536.0025pt>
File: plot/T_alpha_plots/I_0.0003000_q_0.300_initial_-4.80_element_20_T_alpha_p
lot_new.png Graphic file (type png)
<use plot/T_alpha_plots/I_0.0003000_q_0.300_initial_-4.80_element_20_T_alpha_pl
ot_new.png>
Package pdftex.def Info: plot/T_alpha_plots/I_0.0003000_q_0.300_initial_-4.80_e
lement_20_T_alpha_plot_new.png  used on input line 838.
(pdftex.def)             Requested size: 230.40234pt x 230.39479pt.


LaTeX Warning: `!h' float specifier changed to `!ht'.


Overfull \hbox (1.61096pt too wide) has occurred while \output is active
[] 
 []

[22 <./plot/rotating_and_non_rotating/rotating.png>] [23 <./plot/T_alpha_plots/
I_0.0003000_q_0.300_initial_-4.80_element_20_T_alpha_plot_new.png>]
(./paper.aux) ) 
Here is how much of TeX's memory you used:
 17968 strings out of 480171
 285795 string characters out of 5894489
 557800 words of memory out of 5000000
 35420 multiletter control sequences out of 15000+600000
 633484 words of font info for 258 fonts, out of 8000000 for 9000
 59 hyphenation exceptions out of 8191
 84i,16n,131p,1552b,485s stack positions out of 5000i,500n,10000p,200000b,80000s
{/usr/share/texlive/texmf-dist/fonts/enc/dvips/newtx/ntx-ot1-tlf
.enc}{/usr/share/texlive/texmf-dist/fonts/enc/dvips/newtx/ntx-ec-tlf.enc}</usr/
share/texlive/texmf-dist/fonts/type1/public/newtx/NewTXMI.pfb></usr/share/texli
ve/texmf-dist/fonts/type1/public/newtx/NewTXMI5.pfb></usr/share/texlive/texmf-d
ist/fonts/type1/public/newtx/NewTXMI7.pfb></usr/share/texlive/texmf-dist/fonts/
type1/public/txfonts/t1xtt.pfb></usr/share/texlive/texmf-dist/fonts/type1/publi
c/newtx/txexs.pfb></usr/share/texlive/texmf-dist/fonts/type1/public/newtx/txmia
X.pfb></usr/share/texlive/texmf-dist/fonts/type1/public/newtx/txsys.pfb></usr/s
hare/texlive/texmf-dist/fonts/type1/public/newtx/ztmb.pfb></usr/share/texlive/t
exmf-dist/fonts/type1/public/newtx/ztmr.pfb></usr/share/texlive/texmf-dist/font
s/type1/public/newtx/ztmri.pfb>
Output written on paper.pdf (23 pages, 2066334 bytes).
PDF statistics:
 492 PDF objects out of 1000 (max. 8388607)
 348 compressed objects within 4 object streams
 143 named destinations out of 1000 (max. 500000)
 228 words of extra memory for PDF output out of 10000 (max. 10000000)

