This is pdfTeX, Version 3.141592653-2.6-1.40.22 (TeX Live 2022/dev/Debian) (preloaded format=pdflatex 2025.7.10)  10 JUL 2025 01:56
entering extended mode
 restricted \write18 enabled.
 %&-line parsing enabled.
**structure.tex
(./structure.tex
LaTeX2e <2021-11-15> patch level 1
L3 programming layer <2022-01-21>
(/usr/share/texlive/texmf-dist/tex/latex/base/report.cls
Document Class: report 2021/10/04 v1.4n Standard LaTeX document class
(/usr/share/texlive/texmf-dist/tex/latex/base/size12.clo
File: size12.clo 2021/10/04 v1.4n Standard LaTeX file (size option)
)
\c@part=\count185
\c@chapter=\count186
\c@section=\count187
\c@subsection=\count188
\c@subsubsection=\count189
\c@paragraph=\count190
\c@subparagraph=\count191
\c@figure=\count192
\c@table=\count193
\abovecaptionskip=\skip47
\belowcaptionskip=\skip48
\bibindent=\dimen138
)
(/usr/share/texlive/texmf-dist/tex/latex/appendix/appendix.sty
Package: appendix 2020/02/08 v1.2c extra appendix facilities
\c@@pps=\count194
\c@@ppsavesec=\count195
\c@@ppsaveapp=\count196
)
(/usr/share/texlive/texmf-dist/tex/latex/listings/listings.sty
(/usr/share/texlive/texmf-dist/tex/latex/graphics/keyval.sty
Package: keyval 2014/10/28 v1.15 key=value parser (DPC)
\KV@toks@=\toks16
)
\lst@mode=\count197
\lst@gtempboxa=\box50
\lst@token=\toks17
\lst@length=\count198
\lst@currlwidth=\dimen139
\lst@column=\count199
\lst@pos=\count266
\lst@lostspace=\dimen140
\lst@width=\dimen141
\lst@newlines=\count267
\lst@lineno=\count268
\lst@maxwidth=\dimen142

(/usr/share/texlive/texmf-dist/tex/latex/listings/lstmisc.sty
File: lstmisc.sty 2020/03/24 1.8d (Carsten Heinz)
\c@lstnumber=\count269
\lst@skipnumbers=\count270
\lst@framebox=\box51
)
(/usr/share/texlive/texmf-dist/tex/latex/listings/listings.cfg
File: listings.cfg 2020/03/24 1.8d listings configuration
))
Package: listings 2020/03/24 1.8d (Carsten Heinz)

(/usr/share/texlive/texmf-dist/tex/latex/amsmath/amsmath.sty
Package: amsmath 2021/10/15 v2.17l AMS math features
\@mathmargin=\skip49

For additional information on amsmath, use the `?' option.
(/usr/share/texlive/texmf-dist/tex/latex/amsmath/amstext.sty
Package: amstext 2021/08/26 v2.01 AMS text

(/usr/share/texlive/texmf-dist/tex/latex/amsmath/amsgen.sty
File: amsgen.sty 1999/11/30 v2.0 generic functions
\@emptytoks=\toks18
\ex@=\dimen143
))
(/usr/share/texlive/texmf-dist/tex/latex/amsmath/amsbsy.sty
Package: amsbsy 1999/11/29 v1.2d Bold Symbols
\pmbraise@=\dimen144
)
(/usr/share/texlive/texmf-dist/tex/latex/amsmath/amsopn.sty
Package: amsopn 2021/08/26 v2.02 operator names
)
\inf@bad=\count271
LaTeX Info: Redefining \frac on input line 234.
\uproot@=\count272
\leftroot@=\count273
LaTeX Info: Redefining \overline on input line 399.
\classnum@=\count274
\DOTSCASE@=\count275
LaTeX Info: Redefining \ldots on input line 496.
LaTeX Info: Redefining \dots on input line 499.
LaTeX Info: Redefining \cdots on input line 620.
\Mathstrutbox@=\box52
\strutbox@=\box53
\big@size=\dimen145
LaTeX Font Info:    Redeclaring font encoding OML on input line 743.
LaTeX Font Info:    Redeclaring font encoding OMS on input line 744.
\macc@depth=\count276
\c@MaxMatrixCols=\count277
\dotsspace@=\muskip16
\c@parentequation=\count278
\dspbrk@lvl=\count279
\tag@help=\toks19
\row@=\count280
\column@=\count281
\maxfields@=\count282
\andhelp@=\toks20
\eqnshift@=\dimen146
\alignsep@=\dimen147
\tagshift@=\dimen148
\tagwidth@=\dimen149
\totwidth@=\dimen150
\lineht@=\dimen151
\@envbody=\toks21
\multlinegap=\skip50
\multlinetaggap=\skip51
\mathdisplay@stack=\toks22
LaTeX Info: Redefining \[ on input line 2938.
LaTeX Info: Redefining \] on input line 2939.
)
(/usr/share/texlive/texmf-dist/tex/latex/amsfonts/amssymb.sty
Package: amssymb 2013/01/14 v3.01 AMS font symbols

(/usr/share/texlive/texmf-dist/tex/latex/amsfonts/amsfonts.sty
Package: amsfonts 2013/01/14 v3.01 Basic AMSFonts support
\symAMSa=\mathgroup4
\symAMSb=\mathgroup5
LaTeX Font Info:    Redeclaring math symbol \hbar on input line 98.
LaTeX Font Info:    Overwriting math alphabet `\mathfrak' in version `bold'
(Font)                  U/euf/m/n --> U/euf/b/n on input line 106.
))
(/usr/share/texlive/texmf-dist/tex/latex/xcolor/xcolor.sty
Package: xcolor 2021/10/31 v2.13 LaTeX color extensions (UK)

(/usr/share/texlive/texmf-dist/tex/latex/graphics-cfg/color.cfg
File: color.cfg 2016/01/02 v1.6 sample color configuration
)
Package xcolor Info: Driver file: pdftex.def on input line 227.

(/usr/share/texlive/texmf-dist/tex/latex/graphics-def/pdftex.def
File: pdftex.def 2020/10/05 v1.2a Graphics/color driver for pdftex
)
Package xcolor Info: Model `cmy' substituted by `cmy0' on input line 1352.
Package xcolor Info: Model `hsb' substituted by `rgb' on input line 1356.
Package xcolor Info: Model `RGB' extended on input line 1368.
Package xcolor Info: Model `HTML' substituted by `rgb' on input line 1370.
Package xcolor Info: Model `Hsb' substituted by `hsb' on input line 1371.
Package xcolor Info: Model `tHsb' substituted by `hsb' on input line 1372.
Package xcolor Info: Model `HSB' substituted by `hsb' on input line 1373.
Package xcolor Info: Model `Gray' substituted by `gray' on input line 1374.
Package xcolor Info: Model `wave' substituted by `hsb' on input line 1375.
)
(/usr/share/texlive/texmf-dist/tex/latex/graphics/graphicx.sty
Package: graphicx 2021/09/16 v1.2d Enhanced LaTeX Graphics (DPC,SPQR)

(/usr/share/texlive/texmf-dist/tex/latex/graphics/graphics.sty
Package: graphics 2021/03/04 v1.4d Standard LaTeX Graphics (DPC,SPQR)

(/usr/share/texlive/texmf-dist/tex/latex/graphics/trig.sty
Package: trig 2021/08/11 v1.11 sin cos tan (DPC)
)
(/usr/share/texlive/texmf-dist/tex/latex/graphics-cfg/graphics.cfg
File: graphics.cfg 2016/06/04 v1.11 sample graphics configuration
)
Package graphics Info: Driver file: pdftex.def on input line 107.
)
\Gin@req@height=\dimen152
\Gin@req@width=\dimen153
)
(/usr/share/texlive/texmf-dist/tex/latex/url/url.sty
\Urlmuskip=\muskip17
Package: url 2013/09/16  ver 3.4  Verb mode for urls, etc.
)
(/usr/share/texlive/texmf-dist/tex/latex/natbib/natbib.sty
Package: natbib 2010/09/13 8.31b (PWD, AO)
\bibhang=\skip52
\bibsep=\skip53
LaTeX Info: Redefining \cite on input line 694.
\c@NAT@ctr=\count283
)
(/usr/share/texlive/texmf-dist/tex/latex/geometry/geometry.sty
Package: geometry 2020/01/02 v5.9 Page Geometry

(/usr/share/texlive/texmf-dist/tex/generic/iftex/ifvtex.sty
Package: ifvtex 2019/10/25 v1.7 ifvtex legacy package. Use iftex instead.

(/usr/share/texlive/texmf-dist/tex/generic/iftex/iftex.sty
Package: iftex 2020/03/06 v1.0d TeX engine tests
))
\Gm@cnth=\count284
\Gm@cntv=\count285
\c@Gm@tempcnt=\count286
\Gm@bindingoffset=\dimen154
\Gm@wd@mp=\dimen155
\Gm@odd@mp=\dimen156
\Gm@even@mp=\dimen157
\Gm@layoutwidth=\dimen158
\Gm@layoutheight=\dimen159
\Gm@layouthoffset=\dimen160
\Gm@layoutvoffset=\dimen161
\Gm@dimlist=\toks23
) (./mcode.sty
-- Package: `mcode' 2.7 <2015/11/11> --
Package: mcode 2015/11/11 2.7
 - settings optimized for display (colour formating)
 - line numbering enabled
 - literate programming (character replacements) enabled
 - automatic line breaking enabled (careful, buggy!)
 - framed listings
\lbreakdots=\box54
LaTeX Font Info:    Trying to load font information for OT1+pcr on input line 2
30.
(/usr/share/texlive/texmf-dist/tex/latex/psnfss/ot1pcr.fd
File: ot1pcr.fd 2001/06/04 font definitions for OT1/pcr.
))
(/usr/share/texlive/texmf-dist/tex/latex/cases/cases.sty
Package: cases 2020/03/29 ver 3.2
\numc@numwid=\dimen162
)
(/usr/share/texlive/texmf-dist/tex/latex/tools/bm.sty
Package: bm 2021/04/25 v1.2e Bold Symbol Support (DPC/FMi)
\symboldoperators=\mathgroup6
\symboldletters=\mathgroup7
\symboldsymbols=\mathgroup8
Package bm Info: No bold for \OMX/cmex/m/n, using \pmb.
Package bm Info: No bold for \U/msa/m/n, using \pmb.
Package bm Info: No bold for \U/msb/m/n, using \pmb.
LaTeX Font Info:    Redeclaring math alphabet \mathbf on input line 149.
)
(/usr/share/texlive/texmf-dist/tex/latex/tools/array.sty
Package: array 2021/10/04 v2.5f Tabular extension package (FMi)
\col@sep=\dimen163
\ar@mcellbox=\box55
\extrarowheight=\dimen164
\NC@list=\toks24
\extratabsurround=\skip54
\backup@length=\skip55
\ar@cellbox=\box56
)
(/usr/share/texlive/texmf-dist/tex/latex/subfigure/subfigure.sty
Package: subfigure 2002/03/15 v2.1.5 subfigure package
\subfigtopskip=\skip56
\subfigcapskip=\skip57
\subfigcaptopadj=\dimen165
\subfigbottomskip=\skip58
\subfigcapmargin=\dimen166
\subfiglabelskip=\skip59
\c@subfigure=\count287
\c@lofdepth=\count288
\c@subtable=\count289
\c@lotdepth=\count290

****************************************
* Local config file subfigure.cfg used *
****************************************
(/usr/share/texlive/texmf-dist/tex/latex/subfigure/subfigure.cfg)
\subfig@top=\skip60
\subfig@bottom=\skip61
)
(/usr/share/texlive/texmf-dist/tex/latex/l3backend/l3backend-pdftex.def
File: l3backend-pdftex.def 2022-01-12 L3 backend support: PDF output (pdfTeX)
\l__color_backend_stack_int=\count291
\l__pdf_internal_box=\box57
)
(./structure.aux)
\openout1 = `structure.aux'.

LaTeX Font Info:    Checking defaults for OML/cmm/m/it on input line 41.
LaTeX Font Info:    ... okay on input line 41.
LaTeX Font Info:    Checking defaults for OMS/cmsy/m/n on input line 41.
LaTeX Font Info:    ... okay on input line 41.
LaTeX Font Info:    Checking defaults for OT1/cmr/m/n on input line 41.
LaTeX Font Info:    ... okay on input line 41.
LaTeX Font Info:    Checking defaults for T1/cmr/m/n on input line 41.
LaTeX Font Info:    ... okay on input line 41.
LaTeX Font Info:    Checking defaults for TS1/cmr/m/n on input line 41.
LaTeX Font Info:    ... okay on input line 41.
LaTeX Font Info:    Checking defaults for OMX/cmex/m/n on input line 41.
LaTeX Font Info:    ... okay on input line 41.
LaTeX Font Info:    Checking defaults for U/cmr/m/n on input line 41.
LaTeX Font Info:    ... okay on input line 41.
\c@lstlisting=\count292

(/usr/share/texlive/texmf-dist/tex/context/base/mkii/supp-pdf.mkii
[Loading MPS to PDF converter (version 2006.09.02).]
\scratchcounter=\count293
\scratchdimen=\dimen167
\scratchbox=\box58
\nofMPsegments=\count294
\nofMParguments=\count295
\everyMPshowfont=\toks25
\MPscratchCnt=\count296
\MPscratchDim=\dimen168
\MPnumerator=\count297
\makeMPintoPDFobject=\count298
\everyMPtoPDFconversion=\toks26
) (/usr/share/texlive/texmf-dist/tex/latex/epstopdf-pkg/epstopdf-base.sty
Package: epstopdf-base 2020-01-24 v2.11 Base part for package epstopdf
Package epstopdf-base Info: Redefining graphics rule for `.eps' on input line 4
85.

(/usr/share/texlive/texmf-dist/tex/latex/latexconfig/epstopdf-sys.cfg
File: epstopdf-sys.cfg 2010/07/13 v1.3 Configuration of (r)epstopdf for TeX Liv
e
))
*geometry* driver: auto-detecting
*geometry* detected driver: pdftex
*geometry* verbose mode - [ preamble ] result:
* driver: pdftex
* paper: a4paper
* layout: <same size as paper>
* layoutoffset:(h,v)=(0.0pt,0.0pt)
* modes: 
* h-part:(L,W,R)=(85.35826pt, 426.79135pt, 85.35826pt)
* v-part:(T,H,B)=(85.35826pt, 674.33032pt, 85.35826pt)
* \paperwidth=597.50787pt
* \paperheight=845.04684pt
* \textwidth=426.79135pt
* \textheight=674.33032pt
* \oddsidemargin=13.08827pt
* \evensidemargin=13.08827pt
* \topmargin=-23.91173pt
* \headheight=12.0pt
* \headsep=25.0pt
* \topskip=12.0pt
* \footskip=30.0pt
* \marginparwidth=35.0pt
* \marginparsep=10.0pt
* \columnsep=10.0pt
* \skip\footins=10.8pt plus 4.0pt minus 2.0pt
* \hoffset=0.0pt
* \voffset=0.0pt
* \mag=1000
* \@twocolumnfalse
* \@twosidefalse
* \@mparswitchfalse
* \@reversemarginfalse
* (1in=72.27pt=25.4mm, 1cm=28.453pt)

LaTeX Font Info:    Trying to load font information for U+msa on input line 42.

(/usr/share/texlive/texmf-dist/tex/latex/amsfonts/umsa.fd
File: umsa.fd 2013/01/14 v3.01 AMS symbols A
)
LaTeX Font Info:    Trying to load font information for U+msb on input line 42.


(/usr/share/texlive/texmf-dist/tex/latex/amsfonts/umsb.fd
File: umsb.fd 2013/01/14 v3.01 AMS symbols B
) [1

{/var/lib/texmf/fonts/map/pdftex/updmap/pdftex.map}]
Chapter 1.
<plot/rigid_case/schematic_rigid_configuration.png, id=8, 756.8275pt x 539.0137
5pt>
File: plot/rigid_case/schematic_rigid_configuration.png Graphic file (type png)

<use plot/rigid_case/schematic_rigid_configuration.png>
Package pdftex.def Info: plot/rigid_case/schematic_rigid_configuration.png  use
d on input line 49.
(pdftex.def)             Requested size: 298.75264pt x 212.77238pt.
<plot/rigid_case/q_alpha_plot_with_point.png, id=10, 803.0pt x 803.0pt>
File: plot/rigid_case/q_alpha_plot_with_point.png Graphic file (type png)
<use plot/rigid_case/q_alpha_plot_with_point.png>
Package pdftex.def Info: plot/rigid_case/q_alpha_plot_with_point.png  used on i
nput line 60.
(pdftex.def)             Requested size: 170.71393pt x 170.70569pt.
<plot/rigid_case/q_alpha_plot_with_point_four_equilibria.png, id=11, 1036.87375
pt x 547.04375pt>
File: plot/rigid_case/q_alpha_plot_with_point_four_equilibria.png Graphic file 
(type png)
<use plot/rigid_case/q_alpha_plot_with_point_four_equilibria.png>
Package pdftex.def Info: plot/rigid_case/q_alpha_plot_with_point_four_equilibri
a.png  used on input line 65.
(pdftex.def)             Requested size: 247.53976pt x 130.60036pt.
[1

 <./plot/rigid_case/schematic_rigid_configuration.png>] [2 <./plot/rigid_case/q
_alpha_plot_with_point.png> <./plot/rigid_case/q_alpha_plot_with_point_four_equ
ilibria.png>]
Chapter 2.
<plot/rigid_case/schematic_rigid_configuration_color0_old.png, id=23, 877.2775p
t x 534.99875pt>
File: plot/rigid_case/schematic_rigid_configuration_color0_old.png Graphic file
 (type png)
<use plot/rigid_case/schematic_rigid_configuration_color0_old.png>
Package pdftex.def Info: plot/rigid_case/schematic_rigid_configuration_color0_o
ld.png  used on input line 99.
(pdftex.def)             Requested size: 341.43437pt x 208.22417pt.
<plot/fluid_general.png, id=24, 959.585pt x 649.42625pt>
File: plot/fluid_general.png Graphic file (type png)
<use plot/fluid_general.png>
Package pdftex.def Info: plot/fluid_general.png  used on input line 109.
(pdftex.def)             Requested size: 341.43437pt x 231.07808pt.
<plot/elastic_case/deformed_config.png, id=25, 972.63374pt x 663.47874pt>
File: plot/elastic_case/deformed_config.png Graphic file (type png)
<use plot/elastic_case/deformed_config.png>
Package pdftex.def Info: plot/elastic_case/deformed_config.png  used on input l
ine 119.
(pdftex.def)             Requested size: 341.43437pt x 232.90945pt.
[3

] [4 <./plot/rigid_case/schematic_rigid_configuration_color0_old.png>]
[5 <./plot/fluid_general.png>] [6 <./plot/elastic_case/deformed_config.png>]
[7] [8] [9] [10] [11] [12]
Chapter 3.
<plot/geometry.png, id=69, 1116.17pt x 204.765pt>
File: plot/geometry.png Graphic file (type png)
<use plot/geometry.png>
Package pdftex.def Info: plot/geometry.png  used on input line 557.
(pdftex.def)             Requested size: 426.79135pt x 78.29579pt.
<plot/fluid.png, id=70, 955.57pt x 647.41875pt>
File: plot/fluid.png Graphic file (type png)
<use plot/fluid.png>
Package pdftex.def Info: plot/fluid.png  used on input line 580.
(pdftex.def)             Requested size: 341.43437pt x 231.32202pt.

LaTeX Warning: `!h' float specifier changed to `!ht'.

[13

 <./plot/geometry.png>]

LaTeX Warning: Reference `fig:18' on page 14 undefined on input line 591.

<plot/four_solutions2.png, id=75, 1204.5pt x 532.99126pt>
File: plot/four_solutions2.png Graphic file (type png)
<use plot/four_solutions2.png>
Package pdftex.def Info: plot/four_solutions2.png  used on input line 596.
(pdftex.def)             Requested size: 426.79135pt x 188.85944pt.

LaTeX Warning: `!h' float specifier changed to `!ht'.

<plot/RESLT_q_0.40_alpha_0.230pi_plot_step_refine2_new_recale_FSI/combine_elast
ic_beam_I_theta_q_0.40_alpha_0.230pi_initial_-4.80_refine2_15_new.png, id=76, 1
541.76pt x 803.0pt>
File: plot/RESLT_q_0.40_alpha_0.230pi_plot_step_refine2_new_recale_FSI/combine_
elastic_beam_I_theta_q_0.40_alpha_0.230pi_initial_-4.80_refine2_15_new.png Grap
hic file (type png)
<use plot/RESLT_q_0.40_alpha_0.230pi_plot_step_refine2_new_recale_FSI/combine_e
lastic_beam_I_theta_q_0.40_alpha_0.230pi_initial_-4.80_refine2_15_new.png>
Package pdftex.def Info: plot/RESLT_q_0.40_alpha_0.230pi_plot_step_refine2_new_
recale_FSI/combine_elastic_beam_I_theta_q_0.40_alpha_0.230pi_initial_-4.80_refi
ne2_15_new.png  used on input line 608.
(pdftex.def)             Requested size: 426.79135pt x 222.27763pt.

LaTeX Warning: `!h' float specifier changed to `!ht'.

<plot/RESLT_q_0.40_alpha_0.180pi_plot_step_refine2_new_recale_FSI/combine_elast
ic_beam_I_theta_q_0.400_alpha_0.180pi_initial_-4.80_refine2_rescale_FSI.png, id
=77, 1606.0pt x 803.0pt>
File: plot/RESLT_q_0.40_alpha_0.180pi_plot_step_refine2_new_recale_FSI/combine_
elastic_beam_I_theta_q_0.400_alpha_0.180pi_initial_-4.80_refine2_rescale_FSI.pn
g Graphic file (type png)
<use plot/RESLT_q_0.40_alpha_0.180pi_plot_step_refine2_new_recale_FSI/combine_e
lastic_beam_I_theta_q_0.400_alpha_0.180pi_initial_-4.80_refine2_rescale_FSI.png
>
Package pdftex.def Info: plot/RESLT_q_0.40_alpha_0.180pi_plot_step_refine2_new_
recale_FSI/combine_elastic_beam_I_theta_q_0.400_alpha_0.180pi_initial_-4.80_ref
ine2_rescale_FSI.png  used on input line 618.
(pdftex.def)             Requested size: 426.79135pt x 213.39436pt.

LaTeX Warning: `!h' float specifier changed to `!ht'.

<plot/RESLT_animation_varying_alpha_q_0.400_step_rescale_FSI/elastic_beam_I_the
ta_q_0.400_alpha_5.png, id=78, 1204.5pt x 1204.5pt>
File: plot/RESLT_animation_varying_alpha_q_0.400_step_rescale_FSI/elastic_beam_
I_theta_q_0.400_alpha_5.png Graphic file (type png)
<use plot/RESLT_animation_varying_alpha_q_0.400_step_rescale_FSI/elastic_beam_I
_theta_q_0.400_alpha_5.png>
Package pdftex.def Info: plot/RESLT_animation_varying_alpha_q_0.400_step_rescal
e_FSI/elastic_beam_I_theta_q_0.400_alpha_5.png  used on input line 628.
(pdftex.def)             Requested size: 256.07741pt x 256.07692pt.

LaTeX Warning: `!h' float specifier changed to `!ht'.

<plot/RESLT_q_0.40_alpha_0.230pi_plot_step_refine2_new_recale_FSI/combine_elast
ic_beam_I_theta_q_0.40_alpha_0.230pi_initial_-4.80_refine2_15_new_not_log_dash_
line.png, id=79, 1204.5pt x 803.0pt>
File: plot/RESLT_q_0.40_alpha_0.230pi_plot_step_refine2_new_recale_FSI/combine_
elastic_beam_I_theta_q_0.40_alpha_0.230pi_initial_-4.80_refine2_15_new_not_log_
dash_line.png Graphic file (type png)
<use plot/RESLT_q_0.40_alpha_0.230pi_plot_step_refine2_new_recale_FSI/combine_e
lastic_beam_I_theta_q_0.40_alpha_0.230pi_initial_-4.80_refine2_15_new_not_log_d
ash_line.png>
Package pdftex.def Info: plot/RESLT_q_0.40_alpha_0.230pi_plot_step_refine2_new_
recale_FSI/combine_elastic_beam_I_theta_q_0.40_alpha_0.230pi_initial_-4.80_refi
ne2_15_new_not_log_dash_line.png  used on input line 640.
(pdftex.def)             Requested size: 341.43437pt x 227.61984pt.
[14 <./plot/fluid.png>]

LaTeX Warning: `!h' float specifier changed to `!ht'.

<plot/RESLT_q_0.40_alpha_0.180pi_plot_step_refine2_new_recale_FSI/combine_elast
ic_beam_I_theta_q_0.400_alpha_0.180pi_initial_-4.80_refine2_new_dash_line.png, 
id=85, 1204.5pt x 803.0pt>
File: plot/RESLT_q_0.40_alpha_0.180pi_plot_step_refine2_new_recale_FSI/combine_
elastic_beam_I_theta_q_0.400_alpha_0.180pi_initial_-4.80_refine2_new_dash_line.
png Graphic file (type png)
<use plot/RESLT_q_0.40_alpha_0.180pi_plot_step_refine2_new_recale_FSI/combine_e
lastic_beam_I_theta_q_0.400_alpha_0.180pi_initial_-4.80_refine2_new_dash_line.p
ng>
Package pdftex.def Info: plot/RESLT_q_0.40_alpha_0.180pi_plot_step_refine2_new_
recale_FSI/combine_elastic_beam_I_theta_q_0.400_alpha_0.180pi_initial_-4.80_ref
ine2_new_dash_line.png  used on input line 650.
(pdftex.def)             Requested size: 341.43437pt x 227.61984pt.

LaTeX Warning: `!h' float specifier changed to `!ht'.

<plot/combine_elastic_beam_I_theta_q_0.452_alpha_0.125pi_initial_-4.80_0.png, i
d=86, 1204.5pt x 803.0pt>
File: plot/combine_elastic_beam_I_theta_q_0.452_alpha_0.125pi_initial_-4.80_0.p
ng Graphic file (type png)
<use plot/combine_elastic_beam_I_theta_q_0.452_alpha_0.125pi_initial_-4.80_0.pn
g>
Package pdftex.def Info: plot/combine_elastic_beam_I_theta_q_0.452_alpha_0.125p
i_initial_-4.80_0.png  used on input line 660.
(pdftex.def)             Requested size: 426.79135pt x 284.534pt.

LaTeX Warning: `!h' float specifier changed to `!ht'.

<plot/elastic_beam_I_theta_q_0.452_alpha_restart1.png, id=87, 1204.5pt x 1204.5
pt>
File: plot/elastic_beam_I_theta_q_0.452_alpha_restart1.png Graphic file (type p
ng)
<use plot/elastic_beam_I_theta_q_0.452_alpha_restart1.png>
Package pdftex.def Info: plot/elastic_beam_I_theta_q_0.452_alpha_restart1.png  
used on input line 670.
(pdftex.def)             Requested size: 199.94695pt x 199.94695pt.
<plot/elastic_beam_I_theta_q_0.452_alpha_restart2.png, id=88, 1204.5pt x 1204.5
pt>
File: plot/elastic_beam_I_theta_q_0.452_alpha_restart2.png Graphic file (type p
ng)
<use plot/elastic_beam_I_theta_q_0.452_alpha_restart2.png>
Package pdftex.def Info: plot/elastic_beam_I_theta_q_0.452_alpha_restart2.png  
used on input line 674.
(pdftex.def)             Requested size: 199.94695pt x 199.94695pt.
<plot/elastic_beam_I_theta_q_0.452_alpha_restart3.png, id=89, 1204.5pt x 1204.5
pt>
File: plot/elastic_beam_I_theta_q_0.452_alpha_restart3.png Graphic file (type p
ng)
<use plot/elastic_beam_I_theta_q_0.452_alpha_restart3.png>
Package pdftex.def Info: plot/elastic_beam_I_theta_q_0.452_alpha_restart3.png  
used on input line 678.
(pdftex.def)             Requested size: 199.94695pt x 199.94695pt.

LaTeX Warning: `!h' float specifier changed to `!ht'.

<plot/geometry3.png, id=90, 1204.5pt x 135.50626pt>
File: plot/geometry3.png Graphic file (type png)
<use plot/geometry3.png>
Package pdftex.def Info: plot/geometry3.png  used on input line 695.
(pdftex.def)             Requested size: 426.79135pt x 48.0151pt.
<plot/elastic_beam_alpha_theta_eq_q_0.400.png, id=91, 803.0pt x 803.0pt>
File: plot/elastic_beam_alpha_theta_eq_q_0.400.png Graphic file (type png)
<use plot/elastic_beam_alpha_theta_eq_q_0.400.png>
Package pdftex.def Info: plot/elastic_beam_alpha_theta_eq_q_0.400.png  used on 
input line 701.
(pdftex.def)             Requested size: 256.07741pt x 256.08305pt.

LaTeX Warning: `!h' float specifier changed to `!ht'.

<plot/RESLT_q_alpha_plot/elastic_beam_general.png, id=92, 803.0pt x 803.0pt>
File: plot/RESLT_q_alpha_plot/elastic_beam_general.png Graphic file (type png)
<use plot/RESLT_q_alpha_plot/elastic_beam_general.png>
Package pdftex.def Info: plot/RESLT_q_alpha_plot/elastic_beam_general.png  used
 on input line 711.
(pdftex.def)             Requested size: 256.07741pt x 256.08305pt.

LaTeX Warning: `!h' float specifier changed to `!ht'.

<plot/tensile_boomerang.png, id=93, 650.43pt x 283.0575pt>
File: plot/tensile_boomerang.png Graphic file (type png)
<use plot/tensile_boomerang.png>
Package pdftex.def Info: plot/tensile_boomerang.png  used on input line 721.
(pdftex.def)             Requested size: 213.39568pt x 92.86505pt.

LaTeX Warning: `!h' float specifier changed to `!ht'.

[15 <./plot/four_solutions2.png> <./plot/geometry3.png>] [16 <./plot/RESLT_q_0.
40_alpha_0.230pi_plot_step_refine2_new_recale_FSI/combine_elastic_beam_I_theta_
q_0.40_alpha_0.230pi_initial_-4.80_refine2_15_new.png>] [17 <./plot/RESLT_q_0.4
0_alpha_0.180pi_plot_step_refine2_new_recale_FSI/combine_elastic_beam_I_theta_q
_0.400_alpha_0.180pi_initial_-4.80_refine2_rescale_FSI.png>]
<plot/tensile_stress/sigma_q_0.35_alpha_0.125pi.png, id=103, 602.25pt x 602.25p
t>
File: plot/tensile_stress/sigma_q_0.35_alpha_0.125pi.png Graphic file (type png
)
<use plot/tensile_stress/sigma_q_0.35_alpha_0.125pi.png>
Package pdftex.def Info: plot/tensile_stress/sigma_q_0.35_alpha_0.125pi.png  us
ed on input line 786.
(pdftex.def)             Requested size: 128.0387pt x 128.03845pt.
<plot/tensile_stress/sigma_q_0.40_alpha_0.125pi.png, id=104, 602.25pt x 602.25p
t>
File: plot/tensile_stress/sigma_q_0.40_alpha_0.125pi.png Graphic file (type png
)
<use plot/tensile_stress/sigma_q_0.40_alpha_0.125pi.png>
Package pdftex.def Info: plot/tensile_stress/sigma_q_0.40_alpha_0.125pi.png  us
ed on input line 792.
(pdftex.def)             Requested size: 128.0387pt x 128.03845pt.
<plot/tensile_stress/sigma_q_0.45_alpha_0.125pi.png, id=105, 602.25pt x 602.25p
t>
File: plot/tensile_stress/sigma_q_0.45_alpha_0.125pi.png Graphic file (type png
)
<use plot/tensile_stress/sigma_q_0.45_alpha_0.125pi.png>
Package pdftex.def Info: plot/tensile_stress/sigma_q_0.45_alpha_0.125pi.png  us
ed on input line 798.
(pdftex.def)             Requested size: 128.0387pt x 128.03845pt.
<plot/tensile_stress/sigma_q_0.35_alpha_0.250pi.png, id=106, 602.25pt x 602.25p
t>
File: plot/tensile_stress/sigma_q_0.35_alpha_0.250pi.png Graphic file (type png
)
<use plot/tensile_stress/sigma_q_0.35_alpha_0.250pi.png>
Package pdftex.def Info: plot/tensile_stress/sigma_q_0.35_alpha_0.250pi.png  us
ed on input line 805.
(pdftex.def)             Requested size: 128.0387pt x 128.03845pt.
<plot/tensile_stress/sigma_q_0.40_alpha_0.250pi.png, id=107, 602.25pt x 602.25p
t>
File: plot/tensile_stress/sigma_q_0.40_alpha_0.250pi.png Graphic file (type png
)
<use plot/tensile_stress/sigma_q_0.40_alpha_0.250pi.png>
Package pdftex.def Info: plot/tensile_stress/sigma_q_0.40_alpha_0.250pi.png  us
ed on input line 811.
(pdftex.def)             Requested size: 128.0387pt x 128.03845pt.
<plot/tensile_stress/sigma_q_0.45_alpha_0.250pi.png, id=108, 602.25pt x 602.25p
t>
File: plot/tensile_stress/sigma_q_0.45_alpha_0.250pi.png Graphic file (type png
)
<use plot/tensile_stress/sigma_q_0.45_alpha_0.250pi.png>
Package pdftex.def Info: plot/tensile_stress/sigma_q_0.45_alpha_0.250pi.png  us
ed on input line 817.
(pdftex.def)             Requested size: 128.0387pt x 128.03845pt.


LaTeX Warning: `!h' float specifier changed to `!ht'.

(./structure.bbl [18 <./plot/RESLT_animation_varying_alpha_q_0.400_step_rescale
_FSI/elastic_beam_I_theta_q_0.400_alpha_5.png>] [19 <./plot/RESLT_q_0.40_alpha_
0.230pi_plot_step_refine2_new_recale_FSI/combine_elastic_beam_I_theta_q_0.40_al
pha_0.230pi_initial_-4.80_refine2_15_new_not_log_dash_line.png>] [20 <./plot/RE
SLT_q_0.40_alpha_0.180pi_plot_step_refine2_new_recale_FSI/combine_elastic_beam_
I_theta_q_0.400_alpha_0.180pi_initial_-4.80_refine2_new_dash_line.png>]
[21 <./plot/combine_elastic_beam_I_theta_q_0.452_alpha_0.125pi_initial_-4.80_0.
png>] [22 <./plot/elastic_beam_I_theta_q_0.452_alpha_restart1.png> <./plot/elas
tic_beam_I_theta_q_0.452_alpha_restart2.png> <./plot/elastic_beam_I_theta_q_0.4
52_alpha_restart3.png>] [23 <./plot/elastic_beam_alpha_theta_eq_q_0.400.png> <.
/plot/RESLT_q_alpha_plot/elastic_beam_general.png>] [24 <./plot/tensile_boomera
ng.png> <./plot/tensile_stress/sigma_q_0.35_alpha_0.125pi.png> <./plot/tensile_
stress/sigma_q_0.40_alpha_0.125pi.png> <./plot/tensile_stress/sigma_q_0.45_alph
a_0.125pi.png> <./plot/tensile_stress/sigma_q_0.35_alpha_0.250pi.png> <./plot/t
ensile_stress/sigma_q_0.40_alpha_0.250pi.png> <./plot/tensile_stress/sigma_q_0.
45_alpha_0.250pi.png>]) [25

] (./structure.aux)

LaTeX Warning: There were undefined references.

 ) 
Here is how much of TeX's memory you used:
 6324 strings out of 480171
 100187 string characters out of 5894489
 397081 words of memory out of 5000000
 24159 multiletter control sequences out of 15000+600000
 486053 words of font info for 90 fonts, out of 8000000 for 9000
 59 hyphenation exceptions out of 8191
 55i,16n,62p,946b,341s stack positions out of 5000i,500n,10000p,200000b,80000s
</usr/share/texlive/texmf-dist/fonts/type1/public/amsfonts/cm/cmbx12.pfb></us
r/share/texlive/texmf-dist/fonts/type1/public/amsfonts/cm/cmbx8.pfb></usr/share
/texlive/texmf-dist/fonts/type1/public/amsfonts/cm/cmex10.pfb></usr/share/texli
ve/texmf-dist/fonts/type1/public/amsfonts/cm/cmmi10.pfb></usr/share/texlive/tex
mf-dist/fonts/type1/public/amsfonts/cm/cmmi12.pfb></usr/share/texlive/texmf-dis
t/fonts/type1/public/amsfonts/cm/cmmi6.pfb></usr/share/texlive/texmf-dist/fonts
/type1/public/amsfonts/cm/cmmi8.pfb></usr/share/texlive/texmf-dist/fonts/type1/
public/amsfonts/cm/cmr10.pfb></usr/share/texlive/texmf-dist/fonts/type1/public/
amsfonts/cm/cmr12.pfb></usr/share/texlive/texmf-dist/fonts/type1/public/amsfont
s/cm/cmr17.pfb></usr/share/texlive/texmf-dist/fonts/type1/public/amsfonts/cm/cm
r6.pfb></usr/share/texlive/texmf-dist/fonts/type1/public/amsfonts/cm/cmr8.pfb><
/usr/share/texlive/texmf-dist/fonts/type1/public/amsfonts/cm/cmsy10.pfb></usr/s
hare/texlive/texmf-dist/fonts/type1/public/amsfonts/cm/cmsy6.pfb></usr/share/te
xlive/texmf-dist/fonts/type1/public/amsfonts/cm/cmsy8.pfb></usr/share/texlive/t
exmf-dist/fonts/type1/public/amsfonts/cm/cmti12.pfb></usr/share/texlive/texmf-d
ist/fonts/type1/public/amsfonts/cm/cmtt12.pfb>
Output written on structure.pdf (26 pages, 1859944 bytes).
PDF statistics:
 211 PDF objects out of 1000 (max. 8388607)
 111 compressed objects within 2 object streams
 0 named destinations out of 1000 (max. 500000)
 141 words of extra memory for PDF output out of 10000 (max. 10000000)

